status,title,authors,year,venue,doi,url,tags,abstract,provider,decision_source,llm_confidence,llm_review_outcome,llm_change_direction
discarded,Integration of Visualization Techniques and Completion Strategy to Improve Learning in Computer Programming,Nurhana Hashim; Sazilah Salam,2009,2009 International Conference of Soft Computing and Pattern Recognition,10.1109/SoCPaR.2009.131,https://ieeexplore.ieee.org/document/5370351/,intervention-study,"Computer Programming is known as a difficult subject that requires complex cognitive task by the majority of students even for those who are taking Computer Science courses. It is normal for programming instructors to provide their students with alternative methods to help them in the learning process. When learning to program for the first time, students and lecturers usually are facing with difficulties in learning and teaching the subject. Mobile learning provides a great opportunity for learners to switch from rigid learning to fun learning using supported elements. The ability of mobile devices only is still not enough for learners to master in learning programming without the right options in techniques applied. This study will explore how Visualization Technique and Completion Strategy can be used to improve learning in a computer programming subject.",ieee,llm,0.950,unreviewed,
discarded,Teaching computer programming based on patterns with activities and collaborative games using concrete materials for high school students,Alexis Vinícius de Aquino Leal; Deller James Ferreira,2013,2013 IEEE Frontiers in Education Conference (FIE),10.1109/FIE.2013.6685109,https://ieeexplore.ieee.org/document/6685109/,intervention-study; motivation,"The courses in computing, especially those focused on software development, require many skills of novice students of computer programming. Due to the fact that computer science is a new area for most of novice students, they demonstrate great difficulty in initial courses in this area. They do not have specific skills in computer programming. This work presents the results obtained from the application of a teaching method, for computer programming students of the integrated high school mode, that combines patterns-based programming and games. The games uses concrete materials and collaborative activities based on sports in non-formal spaces. The results show improvements in students' motivation and in programming abilities. The method proposed in this work takes advantage of analogies between programming logic and games using concrete materials in order to develop programming skills.",ieee,llm,0.940,unreviewed,
discarded,Work in progress - impact of graphical programming environments on learning and understanding programming concepts,Gregory Bucks; William Oakes,2008,2008 38th Annual Frontiers in Education Conference,10.1109/FIE.2008.4720623,https://ieeexplore.ieee.org/document/4720623/,intervention-study,"There is widespread evidence to show that many first year engineering students have either a strong dislike for programming or an inability to write effective programs. This poses a problem, since many departments require their students to take some form of introductory programming as part of their first year in engineering. One possible reason why many engineering students have such difficulty with programming and the related concepts is that many engineers tend to fall heavily on the ldquovisual learnerrdquo side of the Felder-Silverman learning styles model. Since traditional, text-based programming languages, and the predominantly text-based way in which they are taught, do not align with the learning styles of these students, their ability to understand and implement the necessary concepts in an actual program may be drastically reduced. This paper discusses a work in progress investigating the use of graphical programming languages as a means for introducing programming concepts and catering to the visual learning style of most engineering students.",ieee,llm,0.930,unreviewed,
discarded,"Pyo, a Chatbot Assistant for Introductory Programming Students",Gustavo Carreira; Leonardo Silva; António José Mendes; Hugo Gonçalo Oliveira,2022,2022 International Symposium on Computers in Education (SIIE),10.1109/SIIE56031.2022.9982349,https://ieeexplore.ieee.org/document/9982349/,ai-tools,"As a result of the technological advancements in our society, the number of students enrolling in Computer Science and related courses continues to rise. Programming is regarded as a difficult subject to learn, and as the size of classes and the number of students enrolled in online courses continues to increase, providing individualized support to determine where the difficulties of a student lie may appear impossible, resulting in frustration, lack of motivation, and an increase in dropout rates. Chatbots can mitigate this problem as it can provide simultaneous support to multiple students 24 hours a day, seven days a week, and by allowing introverted students to express questions more comfortably. This paper proposes the implementation of a chatbot denominated Pyo aiming to provide assistance to novice programmers. It was evaluated how students enrolled in an online introductory programming course interacted with Pyo in order to draw conclusions about the effectiveness of the chatbot’s features. The results indicate that Pyo facilitates student learning; however, more straightforward explanations of its functionalities were requested.",ieee,llm,0.990,unreviewed,
discarded,Real-Life Project-Based Learning in Introductory Programming: a Game for Cancer Prevention,Henrique Mohallem Paiva; Victor Takashi Hayashi; Monica Anastassiu; Maurício Garcia; Flávia Maria Santoro,2023,"2023 IEEE International Conference on Teaching, Assessment and Learning for Engineering (TALE)",10.1109/TALE56641.2023.10398353,https://ieeexplore.ieee.org/document/10398353/,problem-solving-game; intervention-study,"Teaching programming to novices is not a trivial task due to many students misconceptions regarding programming concepts. As a result, first-year STEM students may be discouraged to learn programming, impairing essential skills required for Information Technology professionals. This article aims to investigate if Project Based Learning (PBL) is a suitable approach to Introductory Programming that contributes to let students write functional code for real-life problems. A case study was carried out with 35 first-year students during a ten-week period. The project consisted on the development of educational computer games to disseminate cancer prevention awareness, a real-life problem proposed by a Medical College. Feedback from this external stakeholder and student perceptions are presented. PBL benefits, challenges and implications for Introductory Programming are also discussed.",ieee,llm,0.960,unreviewed,
discarded,A teacher's view about introductory programming teaching and learning — Portuguese and Macanese perspectives,Anabela Gomes; Wei Ke; Sio Kei Lm; Andrew Siu; António José Mendes; Maria José Marcelino,2017,2017 IEEE Frontiers in Education Conference (FIE),10.1109/FIE.2017.8190493,https://ieeexplore.ieee.org/document/8190493/,teacher-strategies; motivation; not-focused-on-misconceptions,"The difficulties faced by students and teachers in learning and teaching introductory programming has been a research issue over the years. Demotivation is common in many novice programming students, who are not able to cope with the natural difficulties associated to programming learning. It is up to the teacher to find strategies to help students and keep them motivated during the course. The objective of our research was to know more about the pedagogical and motivational strategies used by teachers in the author's institutions to promote programming student's motivation and learning. Some time ago we interviewed a few Portuguese teachers with diversified experiences in programming teaching. Recently we had the opportunity to do the same kind of research with Professors from Macao (China). The problems identified, the teachers' motivation to teach programming, the educational and motivational strategies and the student-teacher relationship were specifically addressed. This paper describes the research done, stressing the Macanese teacher's views and relating them with the views previously expressed by their Portuguese colleagues.",ieee,llm,0.970,unreviewed,
discarded,B#: The Development and Assessment of an Iconic Programming Tool for Novice Programmers,J. H. Greyling; C. B. Cilliers; A. P. Calitz,2006,2006 7th International Conference on Information Technology Based Higher Education and Training,10.1109/ITHET.2006.339788,https://ieeexplore.ieee.org/document/4141651/,intervention-study; not-focused-on-misconceptions,"The higher incidence of under-prepared students in the South African education institutions has a particular significance for introductory programming courses which rely heavily on the use of technological tools as components of the teaching model. Difficulties experienced by novice programmers in introductory programming courses include deficiencies in problem-solving strategies, misconceptions relating to programming language constructs and the use of traditional programming environments. An introductory programming course should offer students problem solving analysis and design experience as well as exposure to the basic ideas of algorithmic thinking. Generally, introductory programming courses tend to concentrate on the syntax of a programming language at the expense of developing problem solving skills. Coupled to this are the ever-increasing complexity of modern programming languages and the user interfaces of their IDEs. A strategy that addresses the difficulties experienced by novice programmers in introductory programming courses is one that modifies the teaching model, specifically within the context of technological support. One way of implementing this strategy is with the use of visual programming languages, of which the iconic flowchart approach is one. Further, iconic programming environments traditionally attempt to simplify the programming task by reducing the level of precision and manual typing usually required in the conventional textual programming languages. These environments also attempt to increase the speed at which problem-solving and implementation efforts occur. Consequently, B# was developed in order to provide an environment in which programs can be developed using iconic flowcharts. Basic programming concepts such as assignments, conditions, loops, inputs and outputs are supported. Automatic code generation, debugging and program execution is also supported by the system. This paper reports on the development of B#, focusing on insights that were obtained concerning iconic programming tools. The use of B# by novice programmers in an introductory programming course is discussed and assessed. Recommendations are made as to how an iconic programming environment like B# could contribute to the successful completion of an introductory programming course",ieee,llm,0.690,unreviewed,
kept,Difficulties of Programming Learning from the Point of View of Students and Instructors,Yorah Bosse; Marco Aurelio Gerosa,2017,IEEE Latin America Transactions,10.1109/TLA.2017.8070426,https://ieeexplore.ieee.org/document/8070426/,novice-difficulties; student-and-teacher-opinions; introductory-programming; student-difficulties,"Computer programming courses are mandatory for many majors. However, the high rate of failures shows that students have difficulties in assimilating the topics. The objective of this research is to understand these difficulties. Analyzing diaries filled out by students and interviews with instructors, we identified difficulties related to language and understanding and some strategies used to mitigate them. The analysis and understanding of the difficulties may support the creation of teaching strategies and tools to facilitate the teaching and learning of computer programming.",ieee,llm,0.930,unreviewed,
discarded,Dedicated learning modules to inform K-12 students about academic integrity,Ayub M.,2026,Discover Education,10.1007/s44217-026-01283-6,https://www.scopus.com/inward/record.uri?partnerID=HzOxMe3b&scp=105035079729&origin=inward,not-introductory-programming,"While academic integrity is heavily discussed in higher education, it is less prioritised in K-12 education, especially in developing countries. The issue exacerbates with the fact that delivering such information should be engaging and relevant to K-12 students. The study presents dedicated learning modules about academic integrity. There are six modules discussing academic integrity breaches: plagiarism, collusion, contract cheating, exam cheating, research cheating, and misuses of Artificial Intelligence. Each module consists of one animation video (describing a case study of a given academic integrity breach) and a multiple-choice assessment. The videos are crafted based on 31 K-12 teachers’ feedback and their clarity has been verified by 402 students. The modules have two variations. The first is dedicated to primary school students while the second is dedicated to high school students. The modules have been evaluated on 1181 students from 10 schools via pre-test and post-test. We found that our learning modules have a positive impact on the students, junior high school ones in particular.",scopus,llm,1.000,unreviewed,
discarded,Empirical insights into the influence of ChatGPT-facilitated programming on primary learners’ performances: a mixed methods approach,Xu J.,2026,International Journal of Stem Education,10.1186/s40594-026-00606-1,https://www.scopus.com/inward/record.uri?partnerID=HzOxMe3b&scp=105037552415&origin=inward,ai-tools; intervention-study,"ChatGPT, an AI-driven chatbot capable of generating code and providing timely, personalized feedback, offers new opportunities for supporting programming learning among younger learners. This study employed a quasi-experimental design to examine the effects of Self-Directed Programming (SDP) and ChatGPT-Facilitated Programming (CFP) learning modes on primary learners’ programming knowledge, skills, and attitudes. In addition, learners’ programming behaviors were explored within the CFP learning mode. A total of 71 primary learners were randomly assigned to either the CFP or SDP class. Learners in the SDP class engaged in self-directed programming activities, whereas learners in the CFP class learned programming through a ChatGPT-facilitated learning platform, CodewithAI. A mixed-methods approach was adopted to collect and analyze multidimensional data. The results revealed a significant difference in programming knowledge performance between the CFP and SDP classes. Behavioral analysis indicated that primary learners in the CFP class frequently sought assistance from ChatGPT when encountering programming challenges, particularly by requesting explanations of code and error messages. In addition, primary learners in the CFP class reported relatively high levels of confidence compared with those in the SDP class. Based on these findings, this study offers implications for the design of primary programming instruction and the development of AI-supported instructional tools. By providing fine-grained empirical evidence, this study contributes to the field of the effectiveness of ChatGPT-facilitated programming learning for primary students.",scopus,llm,0.990,unreviewed,
discarded,Enact-Examine-Extract (E3): an epistemic tool to scaffold upper elementary students’ conceptual and epistemic understanding of artificial intelligence,Yue M.,2026,International Journal of Stem Education,10.1186/s40594-026-00604-3,https://www.scopus.com/inward/record.uri?partnerID=HzOxMe3b&scp=105037277713&origin=inward,not-introductory-programming,"Abstract Background The growing societal presence of artificial intelligence (AI) necessitates that students develop not only conceptual understanding (CU) of AI mechanisms but also epistemic understanding (EU) of how AI knowledge is generated, constructed, warranted, and constrained. Responding to this need, this study proposes Enact-Examine-Extract (E 3 ), an epistemic tool designed to scaffold upper elementary students’ CU and EU and evaluate its pedagogical effectiveness. Grounded in experiential and epistemological learning theories, E 3 engages students in three iterative phases: (i) enacting core AI mechanisms by simulating AI’s internal operating mechanisms, such as encoding features, applying decision rules, and updating classifications, to appropriate how intelligent systems process information, (ii) examining model behavior through direct interaction with real AI platforms to verify whether the enacted logic manifests in actual system outputs, and (iii) extracting essential principles of AI by reconciling where simulated logic and model behavior converge or diverge, thereby revealing the warrants, limits, and uncertainty of AI knowledge. A ten-week classroom intervention with 41 Grade 5 students in Hong Kong investigated how E 3 supported students’ conceptual and epistemic growth across five AI-related topics. Results Qualitative thematic analysis revealed progression in students’ CU, with many learners moving from multi-structural toward relational and, in some cases, extended-abstract reasoning across the instructional sequence. Five strands of EU were identified: the nature, purpose, source, knowledge-building, justification and evaluation of AI knowledge. Across activities, students’ EU did not develop in a linear, topic-bound manner; rather, epistemic dimensions were activated and refined interactively through engagement with different tasks. Over time, students increasingly articulated calibrated, pattern-based reasoning that recognized AI knowledge as probabilistic, data-dependent, iteratively constructed, and shaped by contextual and stakeholder considerations. Conclusions Positioning E 3 as an epistemic tool yielded substantial gains in both CU and EU of AI, supporting students’ informed, critical, and responsible engagement with AI systems. The findings contribute to ongoing epistemic discourse in AI education and highlight the need for K-12 AI curricula to couple concept building with sustained epistemic inquiry and transparency practices. The E 3 design and the proposed five-dimensional EU framework offer actionable principles for AI education, with relevance for curriculum design and classroom practice across diverse AI topics and educational contexts.",scopus,llm,1.000,unreviewed,
discarded,Exploring the interactive effects of task complexity and metacognitive scaffolding on students’ performance in collaborative programming,Li W.,2026,Metacognition and Learning,10.1007/s11409-026-09474-0,https://www.scopus.com/inward/record.uri?partnerID=HzOxMe3b&scp=105041145610&origin=inward,intervention-study,"Abstract Although metacognitive scaffolding is recognized as an effective strategy to enhance collaborative programming learning, its effectiveness may vary with task complexity. This quasi-experimental study examined the differential effects of metacognitive scaffolding across programming tasks of low, medium, and high complexity, involving 195 seventh-grade students from a Taiwanese junior high school (experimental group: 97; control group: 98). A 3 (task complexity: low, medium, high) × 2 (metacognitive scaffolding: with vs. without) mixed-factorial design was employed. The results revealed a significant interaction between task complexity and metacognitive scaffolding on students’ computational thinking tendency and learning motivation, with the scaffolding effects becoming more pronounced as task complexity increased. No significant interaction effects were found for metacognitive awareness or programming learning achievement. These findings suggest that teachers should adjust metacognitive scaffolding intensity according to task complexity and leverage challenging tasks to promote students’ higher-order thinking in collaborative programming.",scopus,llm,0.980,unreviewed,
