status,title,authors,year,venue,doi,url,tags,abstract,provider,decision_source,llm_confidence,llm_review_outcome,llm_change_direction
discarded,The Effects of Starter Template Scaffoldings on Coding Anxiety in Introductory Programming Courses,Bolloju N.,2026,ACM Transactions on Computing Education,10.1145/3796506,https://www.scopus.com/inward/record.uri?partnerID=HzOxMe3b&scp=105041880373&origin=inward,motivation; intervention-study,"Programming anxiety is a well-documented challenge in introductory computing courses, particularly among students with no prior exposure to programming. Scaffolding strategies such as pair programming, Parsons puzzles, and starter code templates are widely used to reduce anxiety and build confidence during the early stages of learning. Although starter templates often include explanatory comments and partially completed code, the relative effectiveness of these different scaffold types in mitigating anxiety has not been systematically examined. This article reports findings from a controlled experiment conducted during the first laboratory session of an undergraduate C programming course for students from different engineering and science disciplines. Pairs of students were randomly assigned to one of three conditions: a control group using blank templates, a comments-based scaffold group, and a code-based scaffold group. Coding anxiety was measured using a questionnaire with subscales related to self-efficacy, partner interaction, and peer judgement. Contrary to our expectations, the control group showed a greater reduction in coding anxiety than either scaffolded group, and students in the comments-based condition reported larger decreases in anxiety than those receiving code-based scaffolds. These findings suggest that for beginners, even well-intentioned scaffolds can temporarily increase the perceived difficulty in task completion.",scopus,llm,0.990,unreviewed,
discarded,Program Behavior Gaps: An Extension of the Rules of Program Behavior Framework,Hoobergs J.,2026,ACM Transactions on Computing Education,10.1145/3796523,https://www.scopus.com/inward/record.uri?partnerID=HzOxMe3b&scp=105041795200&origin=inward,teaching-method-review; not-focused-on-misconceptions,"The Rules of Program Behavior framework notes that teachers target a model of program behavior instead of the complex semantics of the programming language, and allows describing these models as sets of rules of program behavior. When learners execute code, its behavior is defined by the semantics of the programming language, which might differ from the targeted model of program behavior. In this article, we present a theoretical framework that builds on the Rules of Program Behavior framework, while giving a more prominent role to the differences between the targeted models and the programming language semantics. We call these differences Program Behavior gaps and distinguish between incompleteness gaps—untaught parts—and conflict gaps—a semantic rule that conflicts with a rule of program behavior—, and between transparent and opaque gaps. Visualizations of the relation between the semantics of the programming language and the targeted model of program behavior are an integral part of our framework as they allow visualizing the gaps that could exist in a code fragment and whether these gaps are activated or not. On top of this, the framework contains clear definitions to distinguish between valid conceptions, misconceptions, missing conceptions, prior conceptions, fluid conceptions and program behavior gaps. The framework can be used to devise programming courses, to investigate the mental model of learners and to make a case for gradually evolving languages that are designed to have fewer program behavior gaps. To illustrate this, we (1) present a real-life progression of models of program behavior and discuss, for this progression, the program behavior gaps in 21 code fragments, and (2) present a study grounded in our theoretical framework in which we determine the mental model of each participant.",scopus,llm,0.860,unreviewed,
discarded,Enhancing student experience in remote computer programming course practice: A case of the Java language,Kaur H.,2026,E Learning and Digital Media,10.1177/20427530241262485,https://www.scopus.com/inward/record.uri?partnerID=HzOxMe3b&scp=85196194283&origin=inward,intervention-study; not-focused-on-misconceptions,"The increasing availability of remote education opportunities enables students to access different types of study programs limited by the dimensions of a classroom. Remote learning has been accredited as an effective technique for delivering education to students and teachers globally. However, some academic disciplines such as Computer Science are abounding with many challenges in practicing programming tasks in remote settings. This research aims to understand the students’ existing setup for practicing JAVA programming in remote settings and proposes an intervention to help students get appropriate hints to fix compiler errors. The proposed solution has implications for both students and teachers, as it is under the teacher’s direct observation. The teacher can monitor the content according to students’ needs, which may potentially save them from teaching challenges. To formulate our study, we first surveyed to understand the challenges that students face in JAVA programming when trying to fix errors in a remote setting. Then, based on the results of the first survey and prior experience of conducting programming course practicals along with the existing literature, the proposed web portal was created and presented to the students to fix errors. An experiment was conducted to evaluate the proposed setup followed by a student attitude survey. The results show the portal’s leverage in reducing the time required to fix errors and the number of compilation attempts. The survey indicates a positive response.",scopus,llm,0.940,unreviewed,
discarded,Application-Oriented Frontend Curriculum Reconstruction: Design and Practice Research,Yang J.,2026,Computer Applications in Engineering Education,10.1002/cae.70216,https://www.scopus.com/inward/record.uri?partnerID=HzOxMe3b&scp=105040567321&origin=inward,not-introductory-programming,"ABSTRACT With the rapid evolution of front‐end technologies and rising industry demands, application‐oriented undergraduate institutions face systemic challenges in front‐end courses, including knowledge fragmentation, theory‐practice disconnection, and assessment‐ability inconsistency. This study constructed an integrated “Context‐Case‐Skill‐Assessment” curriculum restructuring framework, using a unified e‐commerce system as the application context and designing a progressive case‐driven teaching approach with a skill‐oriented multi‐assessment system. A quasi‐experimental design was employed with 60 students in the experimental group (Fall 2024) and 74 students in the control group (Fall 2023) from an application‐oriented undergraduate institution. Multi‐source data, including skill achievement tests, course objective achievement analysis, and self‐assessment questionnaires, were collected to examine implementation effects. Results revealed: (1) For skill mastery, the experimental group significantly outperformed the control group in HTML foundational skills ( p &lt; 0.001, Cohen's d = 1.89) and DOM application skills ( p = 0.016, Cohen's d = 0.45); sensitivity analysis confirmed the robustness of the HTML finding; (2) For technical integration ability, both groups showed similar performance in comprehensive application ability ( p = 0.199), suggesting case‐driven teaching advantages are concentrated in foundational skill acquisition; (3) For subjective‐objective assessment consistency, the experimental group showed smaller discrepancies, indicating the multi‐assessment mechanism may support more accurate self‐assessment. This study provides an integrated framework for application‐oriented front‐end curriculum restructuring, reveals the advantages and limitations of case‐driven teaching in skill cultivation, and offers empirical evidence for curriculum design and assessment reform in computer science education.",scopus,llm,0.970,unreviewed,
discarded,Exploring the relationship between computational thinking behaviors and socially shared metacognitive regulation in collaborative coding across task complexity,Shin Y.,2026,Education and Information Technologies,10.1007/s10639-026-13917-1,https://www.scopus.com/inward/record.uri?partnerID=HzOxMe3b&scp=105033588588&origin=inward,not-focused-on-misconceptions; block-based-programming,"As computational thinking (CT) is increasingly recognized as a fundamental competency across disciplines, there is a growing emphasis on integrating it into educational settings for non-computer science (non-CS) majors, with collaborative block-based coding emerging as a promising approach. However, much of the existing research focuses on coding outcomes rather than the underlying cognitive and regulatory processes that unfold during collaboration, particularly across tasks of varying complexity. This study examines how CT behaviors and socially shared metacognitive regulation (SSMR) patterns differ by task difficulty and performance level in collaborative coding contexts. It employed a mixed-methods design, with 120 undergraduates completing basic and advanced coding tasks using App Inventor. Behavioral data on the use of computational concept (CC) and non-CC blocks were analyzed through machine learning-based clustering, while group discourse was examined using lag sequential analysis. Results revealed that high-performing groups, especially in advanced tasks, demonstrated concise block usage and engaged in coherent cycles of evaluation, adaptation, and monitoring. In contrast, low-performing groups demonstrated fragmented regulation and relied heavily on trial-and-error strategies. The findings suggest that analyzing both behavioral patterns and discourse context facilitates more efficient identification of underlying cognitive structures expressed through actions, whereas discourse analysis offers deeper insights into the reasoning processes and socially regulated strategies involved. The study carries practical implications for the design of scaffolding and adaptive feedback tools and contributes theoretically by deepening our understanding of how SSMR functions in collaborative coding education.",scopus,llm,0.940,unreviewed,
discarded,"The influence of situational leadership, interpersonal communication, supervision, and work motivation on teacher performance",Sahidin ,2026,Multidisciplinary Science Journal,10.31893/multiscience.2026515,https://www.scopus.com/inward/record.uri?partnerID=HzOxMe3b&scp=105028328271&origin=inward,not-focused-on-misconceptions,"This study explores the impact of situational leadership, interpersonal communication, supervision, and work motivation on teacher performance in senior high schools in West Sumatra, Indonesia. The research employed a quantitative approach with path analysis to assess the direct and indirect effects of these variables on teacher performance. Findings reveal that interpersonal communication is the strongest predictor of teacher performance, accounting for 16.6% of variance, followed by situational leadership (4.32%), supervision (3.53%), and work motivation (1.79%). The results suggest that effective interpersonal communication, adaptive leadership, and consistent supervision significantly enhance teacher performance. These insights underscore the need for a comprehensive approach to leadership development and school management to improve teaching quality. This study contributes to the academic understanding of teacher performance determinants and offers practical recommendations for educational policy and practice.",scopus,llm,1.000,unreviewed,
discarded,Generative AI in Programming Education: An Empirical Analysis of Student Performance and Assessment Challenges in the LLM Era,Zhu S.,2026,Proceedings of 2026 International Conference on Big Data and Informatization Education Icbdie 2026,10.1145/3806980.3806985,https://www.scopus.com/inward/record.uri?partnerID=HzOxMe3b&scp=105042037217&origin=inward,ai-tools,"The integration of generative AI into computer science education has precipitated a paradigm shift, yet empirical evidence regarding its impact on student competency remains fragmented. This study presents a longitudinal analysis of 412 undergraduate students across three semesters, focusing on the critical “watershed” moment in early 2025 precipitated by the widespread adoption of high-performance domestic Chinese Large Language Models (LLMs) such as DeepSeek. Utilizing a mixed-method approach with questionnaires, code submissions, and examination data, we observed a structural transition in student behavior from sporadic tool assistance to infrastructure dependency. The quantitative results reveal a paradox: while LLM-assisted assignments demonstrated significantly higher accuracy (Mean Score Rate: 0.803) compared to self-written code (0.644), this performance advantage evaporated in closed-book examinations, where AI-reliant students showed no statistical improvement over their self-sufficient peers. Furthermore, error profile analysis indicates a migration of cognitive hurdles from basic syntax errors (Type S) to complex API misuse (Type A) and logical hallucinations (Type L). Notably, despite the automation of coding tasks, temporal efficiency did not significantly improve, suggesting that the cognitive load has merely shifted from code construction to verification and debugging. In light of these findings, particularly the evidence of “competency hollowing”, this paper proposes a pedagogical pivot towards process-oriented assessment, adversarial learning tasks, and a 3-layer curriculum structure to ensure that AI serves as a scaffold for, rather than a substitute of, fundamental computational thinking.",scopus,llm,0.990,unreviewed,
discarded,Design of AIGC-based Programming Teaching Auxiliary Model and Empirical Research on Teaching Effectiveness,Gong X.,2026,Proceedings of 2026 International Conference on Big Data and Informatization Education Icbdie 2026,10.1145/3806980.3807030,https://www.scopus.com/inward/record.uri?partnerID=HzOxMe3b&scp=105042115754&origin=inward,ai-tools,,scopus,llm,0.940,unreviewed,
discarded,Programming Challenges and Perceptions: A Study of Separate Groups before and after the Release of ChatGPT,Bikanga Ada M.,2026,ACM Transactions on Computing Education,10.1145/3777904,https://www.scopus.com/inward/record.uri?partnerID=HzOxMe3b&scp=105034724103&origin=inward,ai-tools,"Learning to program a new language presents persistent challenges such as debugging, program design and understanding advanced programming concepts, all of which contribute to high dropout rates and learning difficulties. Meanwhile, the emergence of Large Language Models (LLMs) like ChatGPT introduces new dimensions in programming education, offering personalised and interactive learning experiences that could mitigate traditional learning challenges. This study investigates students’ perceptions of programming learning difficulties before and a year after the release of ChatGPT. Through self-reported surveys, the study examines differences in perceived difficulties, evaluates the role of learning materials, including ChatGPT, and explores correlations between students’ perceptions of fairness, trust and effectiveness of ChatGPT and their programming learning difficulties. Findings confirm that even in the era of ChatGPT, the challenges associated with learning programming are complex and continue to be deeply linked to understanding programming concepts, learning situations and learning materials. There was no gender difference in programming learning difficulties, while students concerned about plagiarism from ChatGPT reported more programming learning difficulties. Students who trust ChatGPT report higher perceived effectiveness of its use in learning. These findings highlight the potential of ChatGPT to complement traditional learning resources while emphasising the importance of foundational skills and ethical guidelines. Educators and policymakers must consider these findings to develop programming curricula that leverage technological advancements and address the persistent challenges that hinder student programming learning.",scopus,llm,0.920,unreviewed,
kept,A Systematic Review of Approaches for Evaluating Students’ Function-Level Code Structure Knowledge with a Catalog of All Discussed Patterns,Nurollahian S.,2026,ACM Transactions on Computing Education,10.1145/3787450,https://www.scopus.com/inward/record.uri?partnerID=HzOxMe3b&scp=105034731333&origin=inward,literature-review; introductory-programming-topics; misconceptions; variables-loops-boolean; difficulties,"Code structure, an important aspect of code quality, involves stylistic and structural decisions within individual functions, such as selecting appropriate control flow structures for a specific task. Despite over 40 years of research on student performance in various code structure topics, a comprehensive overview of these studies remains absent. Therefore, we conducted a systematic literature review to understand which function-level code structure topics were considered essential for student learning and what assessment practices were used to evaluate students’ knowledge of code structure. Our review identified approximately 70 code-structure topics, which we classified into 7 categories: expressions, variables and parameters, Boolean expressions, conditionals, loops, functions, and others. We created a catalog of these topics that includes their definitions, an example defect for each topic, and a corresponding solution. This catalog can serve as a resource for instructors seeking to incorporate code structure into introductory programming courses, as well as for researchers developing educational tools or investigating the extent and causes of code-structure violations. Regarding assessment practices in prior studies, we found that various assessment tasks and student artifacts were utilized, with half of the studies examining students’ code-writing submissions for the occurrence of violations. While this approach is scalable through the use of automated detectors, it provides limited insight into the underlying causes of these violations or into students’ performance on non-writing skills such as code refactoring. Additionally, we found very little research that focuses on specific assessment tasks such as code recall and code editing (i.e., refactoring others’ code). Moreover, while many studies suggested that student code structure defects stem from knowledge gaps in programming concepts, only a few empirically tested this hypothesis. Finally, we conclude this study by highlighting open areas for future research on code structure.",scopus,llm,0.880,unreviewed,
discarded,Evaluating lab assistant chatbot on student learning and behaviors in a programming short course,Noraset T.,2026,Computers and Education Artificial Intelligence,10.1016/j.caeai.2025.100527,https://www.scopus.com/inward/record.uri?partnerID=HzOxMe3b&scp=105025094025&origin=inward,ai-tools; intervention-study,"The rise of generative AI has increased interest in its application as an intelligent lab assistant in programming education, but concerns persist over its educational value and potential exploitation. While previous work supports using a customized chatbot as an assistant that provides specific guidance rather than allowing students to prompt responses freely, empirical evidence directly comparing these approaches is still lacking. This study evaluates the impact of two chatbot designs, Unrestricted and Assistant, on student learning and behavior in a short Python programming course. Through a controlled experiment involving 42 participants, we found that students using the Assistant chatbot, which provided guidance through preset and free-text prompts without offering direct solutions, showed significantly greater improvement from pre- to post-test than those using an Unrestricted chatbot. Analysis of over 1000 chatbot interactions revealed a strong preference for free-text input and a high rate of attempted exploits among participants. Additionally, prompt injection tests demonstrated the Assistant chatbot’s partial vulnerability to hijacking attempts. These findings highlight the benefits and limitations of AI assistants in programming education, underscoring the importance of guided interaction design to support learning while minimizing exploitation.",scopus,llm,0.980,unreviewed,
