status,title,authors,year,venue,doi,url,tags,abstract,provider,decision_source,llm_confidence,llm_review_outcome,llm_change_direction
discarded,Automatic generation of introductory programming exercises with large language models,"Ta, Nguyen Binh Duong; Nguyen, Hua Gia Phuc; Gottipati, Swapna",2026,RESEARCH AND PRACTICE IN TECHNOLOGY ENHANCED LEARNING,10.58459/rptel.2026.21025,https://www.webofscience.com/wos/woscc/full-record/WOS:001668020900001,ai-tools,"Despite recent advances in code generation made possible by large language models (LLMs), programming is still an essential skill that computing students need to master now and in the foreseeable future. In learning programming, frequent practices with exercises set at an appropriate difficulty and knowledge level is of crucial importance for students. However, it's not a trivial task for instructors to create many good quality exercises customized for each student. Programming problems found on Internet sources such as LeetCode are mostly too challenging for novice programmers with no prior coding knowledge. Recent work in AI-enabled education has been leveraging LLMs for adaptive feedback generation on code submitted by students. Not much work has been done in generating customized exercises for students to have more practice. In this work, we propose ExGen, an automatic exercise generation system which uses LLMs such as OpenAI's GPT models to generate on-demand, customized, and ready-to-use programming exercises for individual students. ExGen is designed as a plugin to Visual Studio Code. It incorporates a set of prompting strategies for candidate exercise generation, and a novel chain of automatic filtering mechanisms to select ready-to-use exercises. ExGen is convenient to use as compared to chatbots such as ChatGPT. We have conducted an extensive performance evaluation using more than 1400 generated Python exercises. We considered several prompting strategies with various keyword and seed exercise types, filtering techniques, difficulty levels, and LLMs with different generative performance and cost. The results demonstrated the effectiveness of ExGen's design and implementation.",wos,llm,0.990,unreviewed,
discarded,Orienting learners and teachers in introductory programming classes: the ABC Framework,"Cutts, Quintin",2024,"PROCEEDINGS OF THE 8TH CONFERENCE ON COMPUTING EDUCATION PRACTICE, CEP 2024",10.1145/3633053.3633063,https://www.webofscience.com/wos/woscc/full-record/WOS:001595356600001,teaching-method-review,"This practice paper presents a framework that has been successfully used in introductory programming classes to orient students to the nature and purpose of programming, and teachers to the multiple aspects of programming education. Orientation was one of the five key difficulties for novices identified in du Boulay's landmark 1986 paper, and it can still be an issue for both incoming students and new computing teachers. The framework, known as ABC, presents computing as a modelling activity, with: a multitude of possible problem/task domains, or Application Areas (A); sets of Building Blocks (B), such as programming languages and other computing systems, which can be used for model building; and a set of skills enabling the Creative Construction (C) of a solution, or model, of a problem/task in a particular application area, using a particular building block system. How the ABC Framework can be used to help orient students and structure learning and teaching is presented, as well as insights derived from students and teachers of an introductory programming course where this approach is used.",wos,llm,0.710,unreviewed,
discarded,Engineering Students' Experiences With ChatGPT to Generate Code for Disciplinary Programming,"Vieira, Camilo; de la Hoz, Jose L.; Magana, Alejandra J.; Restrepo, David",2025,COMPUTER APPLICATIONS IN ENGINEERING EDUCATION,10.1002/cae.70090,https://www.webofscience.com/wos/woscc/full-record/WOS:001586130700001,ai-tools,"Large Language Models (LLMs) are transforming several aspects of our lives, including text and code generation. Their potential as ""copilots"" in computer programming is significant, yet their effective use is not straightforward. Even experts may have to generate multiple prompts before getting the desired output, and the code generated may contain bugs that are difficult for novice programmers to identify and fix. Although some prompting methods have been shown to be effective, the primary approach still involves a trial-and-error process. This study explores mechanical engineering students' experiences after engaging with ChatGPT to generate code for the Finite Element Analysis (FEA) course, aiming to provide insights into integrating LLMs into engineering education. The course included a scaffolded progression for students to develop an understanding of MATLAB programming and the implementation of FEA algorithms. After that, the students engaged with ChatGPT to automatically generate a similar code and reflected on their experiences of using this tool. We designed this activity guided by the productive failure framework: since LLMs do not necessarily produce correct code from a single prompt, students would need to use these failures to give feedback, potentially increasing their own understanding of MATLAB coding and FEA. The results suggest that while students find ChatGPT useful for efficient code generation, they struggle to: (1) understand a more sophisticated algorithm compared to what they had experienced in class; (2) find and fix bugs in the generated code; (3) learn about disciplinary concepts while they are also trying to fix the code; and (4) identify effective prompting strategies to instruct the ChatGPT how to complete the task. While LLMs show promise in supporting coding tasks for both professionals and students, using them requires strong background knowledge. When integrated into disciplinary courses, LLMs do not replace the need for effective pedagogical strategies. Our approach involved implementing a use-modify-create sequence, culminating in a productive failure activity where students engaged in conversations with the LLM encountered desirable difficulties. Our findings suggest that students faced challenges in trying to get a correct working code for FEA, and felt like they were teaching the model, which in some cases, led to some frustration. Thus, future research should explore additional forms of support and guidance to address these issues.",wos,llm,0.990,unreviewed,
discarded,Bug Hunting Games to Add Enthusiasm in Software Testing and Programming Classes,"Silvis-Cividjian, Natalia; Veltman, Jasper; Buchel, Auke; Link, Erik; Kenyon, Joshua; Oey, Michel",2025,"2025 IEEE/ACM 37TH INTERNATIONAL CONFERENCE ON SOFTWARE ENGINEERING EDUCATION AND TRAINING, CSEE&T",10.1109/CSEET66350.2025.00044,https://www.webofscience.com/wos/woscc/full-record/WOS:001556376200036,problem-solving-game,"Although high-quality software is key for a safe society, beginners still struggle to understand programming basics, whereas experienced programmers consider testing code as an unnecessary, boring chore. The situation will improve when, instead of asking students to write hypothetical code or test cases, one challenges them to find and fix bugs deliberately injected in real, executable code. Since 2020, we have been developing educational artifacts needed to test this radically new hypothesis, including a web-based bug-hunting game for standalone code, and small-scale cyber-physical systems (a self-driving car and a smart home), controlled by fault-seeded embedded software. We deployed the proposed approach and artifacts in the following settings: a software testing course for 300 computer science students, an exam for 250 economics students enrolled in an introductory Python course, and a software testing refresher workshop for 80 alumni of an IT retraining programme. Evaluations based on surveys with Likert-scale and open questions showed that a fault-based, active-learning approach (1) increases excitement in learning and (2) offers a more adequate way to assess students' skills, compared to the traditional pen-and-paper or MC exams. Future work includes equalizing the difficulty level of injected bugs and adding other gaming elements, such as badges, scoreboards, automated grading and adaptive feedback. While we realize that more rigorous qualitative and quantitative evaluations will be needed to confirm the generalizability of our approach, we are confident in its potential to contribute to making future professionals better prepared to engineer the high-quality, safe software we all can rely on.",wos,llm,0.930,unreviewed,
discarded,Software Engineering Educational Experience in Building an Intelligent Tutoring System,"Fan, Zhiyu; Noller, Yannic; Dandekar, Ashish; Roychoudhury, Abhik",2025,"2025 IEEE/ACM 37TH INTERNATIONAL CONFERENCE ON SOFTWARE ENGINEERING EDUCATION AND TRAINING, CSEE&T",10.1109/CSEET66350.2025.00015,https://www.webofscience.com/wos/woscc/full-record/WOS:001556376200009,intervention-study,"The growing number of students enrolling in Computer Science (CS) programmes is pushing CS educators to their limits. This poses significant challenges to computing education, particularly the teaching of introductory programming and advanced software engineering (SE) courses. First-year programming courses often face overwhelming enrollments, including interdisciplinary students who are not CS majors. The high teacherto-student ratio makes it challenging to provide timely and highquality feedback. Meanwhile, software engineering education comes with inherent difficulties like acquiring industry partners and the dilemma that such software projects are often under or over-specified and one-time efforts within one team or one course. To address these challenges, we designed a novel foundational SE course. This SE course envisions building a full-fledged Intelligent Tutoring System (ITS) of Programming Assignments to provide automated, real-time feedback for novice students in programming courses over multiple years. Each year, SE students contribute to specific short-running SE projects that improve the existing ITS implementation, while at the same time, we can deploy the ITS for usage by students for learning programming. This project setup builds awareness among SE students about their contribution to a ""to-be-deployed"" software project. In this multi-year teaching effort, we have incrementally built an ITS that is now deployed in various programming courses. This paper discusses the Intelligent Tutoring System architecture, our teaching concept in the SE course, our experience with the built ITS, and our view of future computing education.",wos,llm,0.970,unreviewed,
kept,Focus on Return: Terms Novices Use to Describe Functions in Java,"Esche, Svana",2025,"PROCEEDINGS OF THE 30TH ACM CONFERENCE ON INNOVATION AND TECHNOLOGY IN COMPUTER SCIENCE EDUCATION VOL 1, ITICSE 2025",10.1145/3724363.3729065,https://www.webofscience.com/wos/woscc/full-record/WOS:001539192600089,misconceptions; student-difficulties; introductory-programming-topics,"Functions are both an important and a difficult fundamental concept in introductory programming. This is also true for one particular part of functions, namely the keyword 'return'. This work extended the research on this keyword, including the perspective of terms and explicit focus on misconceptions. We therefore investigated which terms novices typically use when describing code snippets of functions and which difficulties and misconceptions occur in these. We qualitatively analyzed more than 3,000 free-text responses from 617 undergraduate CS1 students using content analysis and thematic analysis. The keyword 'return' itself was rarely mentioned explicitly, unless a 'void' function made use of it. The aspect that the keyword 'return' ends the function was even less often explicitly mentioned. As a new misconception, some students stated that 'return' and 'void' are mutually exclusive. This study revealed overlap with established research as well as one new misconception and two variations of documented misconceptions.",wos,llm,0.990,unreviewed,
discarded,Integrating Natural Language Prompting Tasks in Introductory Programming Courses,"Kerslake, Chris; Denny, Paul; Smith, David H., IV; Prather, James; Leinonen, Juho; Luxton-Reilly, Andrew; MacNeil, Stephen",2024,"PROCEEDINGS OF THE 2024 ACM VIRTUAL GLOBAL COMPUTING EDUCATION CONFERENCE V.1, SIGCSE VIRTUAL 2024",10.1145/3649165.3690125,https://www.webofscience.com/wos/woscc/full-record/WOS:001472310000016,ai-tools,"Introductory programming courses often emphasize mastering syntax and basic constructs before progressing to more complex and interesting programs. This bottom-up approach can be frustrating for novices, shifting the focus away from problem solving and potentially making computing less appealing to a broad range of students. The rise of generative AI for code production could partially address these issues by fostering new skills via interaction with AI models, including constructing high-level prompts and evaluating code that is automatically generated. In this experience report, we explore the inclusion of two prompt-focused activities in an introductory course, implemented across four labs in a six-week module. The first requires students to solve computational problems by writing natural language prompts, emphasizing problem-solving over syntax. The second involves students crafting prompts to generate code equivalent to provided fragments, to foster an understanding of the relationship between prompts and code. Most of the students in the course had reported finding programming difficult to learn, often citing frustrations with syntax and debugging. We found that self-reported difficulty with learning programming had a strong inverse relationship with performance on traditional programming assessments such as tests and projects, as expected. However, performance on the natural language tasks was less strongly related to self-reported difficulty, suggesting they may target different skills. Learning how to communicate with AI coding models is becoming an important skill, and natural language prompting tasks may appeal to a broad range of students.",wos,llm,0.980,unreviewed,
discarded,Sentence Encoder-Based Clustering Method for Modeling Students' Learning Programming Behavior,"Kamberovic, Mubina; Mevic, Amina; Krivic, Senka",2025,"PROCEEDINGS OF THE 33RD ACM CONFERENCE ON USER MODELING, ADAPTATION AND PERSONALIZATION, UMAP 2025",10.1145/3699682.3728344,https://www.webofscience.com/wos/woscc/full-record/WOS:001525521400016,not-focused-on-misconceptions,"Introductory programming courses are widely known for their difficulty among students. Success in courses is commonly measured in the form of final grades, which might not capture the challenges students face during their learning process. In this paper, we predict students' success and their future compiler errors based on previously made errors. Furthermore, we examine the effect of applying two clustering techniques before making the predictions and identify key weeks and errors that have the greatest impact on predictions. Experimental results show that students' compiler errors observed through the semester are an important predictor of students' achievement and future struggles. Predictions are further improved using sentence encoder-generated embeddings with K-Means algorithm. Our study suggests that students' errors, particularly the most recent ones, enable meaningful clustering that enhances performance prediction after only three weeks of the semester.",wos,llm,0.910,unreviewed,
discarded,AI-Assisted Learning,"Kamberovic, Mubina",2025,"PROCEEDINGS OF THE 33RD ACM CONFERENCE ON USER MODELING, ADAPTATION AND PERSONALIZATION, UMAP 2025",10.1145/3699682.3727571,https://www.webofscience.com/wos/woscc/full-record/WOS:001525521400049,ai-tools,"Introductory programming courses present significant challenges for novice learners, often leading to frustration and difficulty in identifying learning gaps. This research aims to develop an AI-driven tool that provides personalized guidance, moving beyond traditional ""one-size-fits-all"" approaches. Recognizing the limitations of relying solely on digital interaction logs in the era of generative AI, we explore the integration of student personal characteristics and fine-grained programming interactions to predict learning behavior and performance. We will investigate how to accurately predict student outcomes early in the semester, analyze the dynamics of learning behaviors, and design an AI-assisted tool to recommend tailored learning materials and feedback. Our goal is to foster effective learning and mitigate the risks associated with over-reliance on general-purpose AI, ultimately enhancing knowledge retention and problem-solving skills.",wos,llm,0.990,unreviewed,
discarded,"Pre-Introductory Programming for College Students: Driving Engagement, Motivation, and Creativity to Drive Interest in Computing Studies","Magitay-Becht, Andras; Das, Udayan",2024,"2024 IEEE FRONTIERS IN EDUCATION CONFERENCE, FIE",10.1109/FIE61694.2024.10893164,https://www.webofscience.com/wos/woscc/full-record/WOS:001447128100290,motivation,"This innovative practice paper presents an approach to make computer science (CS) in general and programming in particular more approachable for college students. Introductory programming classes can be difficult for learners; especially those without any programming background. Beginners must learn a new way of thinking, made more difficult by issues learning syntax. It's especially hard for students who lack a strong mathematics background. Observations across 3 editions of a CS0 pre-intro-programming course show that students consistently overestimate difficulties, and, come away with a stronger motivation for studying programming in the future as well as considering computer science (CS) and data science (DS) majors, minors, and certificates as options for future study after completion. A wider variety of students consider CS-adjacent college programs, and this can have an appreciable impact on the diversity of the student body entering CS/DS programs. We have found that long term success in CS/DS is predicted by strong motivational factors. While many high school students bring a strong motivation for pursuing CS/DS due to socioeconomic factors (exposure through people they know) and availability of coursework in high school; for other students, some may not have considered CS/DS as an option due to perceived difficulty as well as steep math requirements that function as barriers-to-entry. A CS0 pre-programming course like ours explicitly centers itself as ""coding-is-fun"" and encourages creativity. Students engage strongly with and are motivated to put in extra outside-of-class work required for mastery of material. We have limited evidence due to the fact that the data we have is from our small liberal arts college, however, 2 key factors make our observations and analysis valuable: 1) being a Hispanic-Serving-Institution (HSI) and an Asian-American and Native-American Pacific-Islander Serving-Institution (AANAPISI) we have a diverse student body, and 2) we are not a highly selective college which brings in a wide variety of students in terms of prior preparation. Having a CS0 preprogramming ""coding-is-fun"" allows this diverse student body to ""test-the-waters"" and, if interested, to pursue further CS/DS education by reducing the barrier-to-entry. We present data on: student perceptions before/after taking the course; the numbers of students considering further study including the breakdown of course-based vs self-study; and the tremendous numbers of students who find coding easier and therefore something they will use in their future life regardless of whether they formally plan to study CS/DS. The final point is critical in terms of adjusting to life in the 21st century as many fields/professions continue to increasingly be influenced by information and data technologies.",wos,llm,0.960,unreviewed,
