status,title,authors,year,venue,doi,url,tags,abstract,provider,decision_source,llm_confidence,llm_review_outcome,llm_change_direction
discarded,Exploring the Role of Errors in Programming Learning,Sha A.S.,2026,ACM Transactions on Computing Education,10.1145/3778857,https://www.scopus.com/inward/record.uri?partnerID=HzOxMe3b&scp=105034712940&origin=inward,not-focused-on-misconceptions,"Computer science students often perceive programming errors as indicators of failure rather than learning opportunities, resulting in frustration, anxiety and dropout. This study investigates how early programming errors can contribute to students’ subsequent learning. We hypothesise that the number of errors made by students in the initial learning stage, which is distinct across different learning concepts, is positively correlated with their future learning. Our hypothesis is tested using a real-world dataset consisting of 601 programming questions that were practised by 632 students, with results validated using the ITAP dataset. Through statistical analysis controlling for pre-practice understanding, we identify error-based intervention indicators—specific error thresholds that correlate with maximum improvement rates for different programming concepts. These findings provide evidence-based perspectives on the pedagogical role of errors in computer science education, suggesting concept-specific and proficiency-based instructional approaches for programming education.",scopus,llm,0.820,unreviewed,
discarded,Investigating the potential of using worked examples to help resolve issues in a GitHub project,Souza Rocha J.V.,2026,Journal of Systems and Software,10.1016/j.jss.2026.112810,https://www.scopus.com/inward/record.uri?partnerID=HzOxMe3b&scp=105029768724&origin=inward,not-introductory-programming,"• WEs with high similarity guided developers to relevant directories and files. • Eye-tracking revealed the benefits and challenges of using WEs in OSS projects. • Data beyond the title and description is needed to obtain more relevant WEs. • WEs served as a starting point for resolving issues on GitHub. • WEs complement LLMs by offering community-validated solutions. The growing popularity of Open-Source Software projects has raised questions about the challenges novice and inexperienced developers face, especially on code contribution platforms like GitHub. This study investigates the effects of using Worked Examples (WEs) to support these developers in solving coding tasks, using eye-tracking and cognitive effort analysis. The research involved 20 undergraduate students analyzing issues from the JabRef repository, with recommendations of high and low-similarity examples provided by a bot. The findings suggest that highly similar WEs effectively guided participants by helping identify relevant directories, files, and code snippets, serving as starting points for task resolution. However, challenges emerged, such as difficulties locating useful information and risks of false proximity between seemingly similar issues. These results highlight the need for improved recommendation strategies beyond textual similarity, incorporating structural elements such as file and method names, while reducing cognitive load through better presentation of relevant information. This work lays the groundwork for exploring WEs in Open-Source Software projects and opens avenues for further research, including validating findings in other repositories and understanding behavioral patterns in using WEs.",scopus,llm,0.980,unreviewed,
discarded,The impact of programming experience and gender on coding behavior,Chuang Y.T.,2026,Thinking Skills and Creativity,10.1016/j.tsc.2025.102126,https://www.scopus.com/inward/record.uri?partnerID=HzOxMe3b&scp=105027998198&origin=inward,not-focused-on-misconceptions,"Programming is a core skill in computer science education, crucial for developing problem-solving abilities and enhancing learning outcomes. Prior research, often limited by small samples or self-reported data, lacks further behavioral insights, especially in Asian contexts. This study investigates the impact of programming experience and gender on coding behavior to improve curriculum design and teaching strategies. To address this, we analyzed 180 participants' coding behavior across three programming challenges, measuring time spent in the development environment, copy-and-paste frequency, submissions, and correctness rate. Our findings reveal that participants with greater programming experience employed more sophisticated coding and debugging strategies, whereas those with less experience often neglected structured planning, making it more difficult for them to achieve higher accuracy. Additionally, notable gender differences were observed: males tended to debug iteratively with higher submissions, while females spent more time understanding problems before implementing solutions. Overall, both programming experience and gender influenced coding behavior, underscoring the need for tailored instructional support to enhance learning effectiveness and engagement. Unlike earlier studies dominated by Western samples and self-reported data, this study provides objective behavioral evidence from Asian learners, adding cross-cultural insight into how programming experience and gender shape coding behavior.",scopus,llm,0.950,unreviewed,
discarded,"Less stress, better scores, same learning: The dissociation of performance and learning in AI-supported programming education",Bassner P.,2026,Computers and Education Artificial Intelligence,10.1016/j.caeai.2025.100537,https://www.scopus.com/inward/record.uri?partnerID=HzOxMe3b&scp=105027634230&origin=inward,ai-tools,"Introduction Generative AI is reshaping programming education, yet its effects on conceptual learning, intrinsic motivation, and cognitive load remain unclear. This study tests whether assistance deepens understanding or primarily boosts task completion, and how scaffolded versus answer-giving designs matter. Objectives This study compares performance, learning, cognitive load, frustration, and motivation across three AI support types, and examines students’ perceptions. Methods A three-arm randomized controlled trial was conducted in an introductory programming (CS1) course at TUM (N=275). Participants completed a 90-minute exercise on concurrency, implementing a parallel sum with threading in one of three conditions: (1) Iris , a scaffolded tutor providing calibrated hints while withholding full solutions; (2) ChatGPT , unrestricted assistance that can provide complete solutions; (3) no-AI control using traditional web resources. Pre- and post-knowledge tests and a code comprehension task measured learning, while auto-graded test coverage measured performance. Validated scales captured intrinsic, germane, and extraneous cognitive load, frustration, and intrinsic motivation. Results Both AI groups achieved substantially higher exercise scores than the control group, with distinct distributions: ChatGPT users clustered at high scores, control participants at low scores, and Iris users spread across the full range. Despite these performance gains, neither AI condition produced greater pre–post knowledge gains or code-comprehension advantages. Both AI groups reported lower frustration and reduced extraneous and germane load than the control group, while intrinsic load did not differ. Only Iris increased intrinsic motivation. Students rated ChatGPT as easier to use and more helpful. Conclusion In this setting, generative AI acted primarily as a performance aid rather than a learning enhancer. Scaffolded, hint-first design preserved motivational benefits, whereas AI providing unrestricted solutions encouraged a “comfort trap” where students’ preferences misaligned with pedagogical effectiveness. These findings motivate scaffolded AI integration and assessment designs resilient to environments where performance no longer reliably tracks understanding.",scopus,llm,0.990,unreviewed,
discarded,"LLMs Integration in Software Engineering Team Projects: Roles, Impact, and a Pedagogical Design Space for AI Tools in Computing Education",Kharrufa A.,2026,ACM Transactions on Computing Education,10.1145/3779296,https://www.scopus.com/inward/record.uri?partnerID=HzOxMe3b&scp=105034709266&origin=inward,ai-tools; not-introductory-programming,"This work takes a pedagogical lens to explore the implications of generative AI (GenAI) models and tools, such as ChatGPT and GitHub Copilot, in a semester-long 2nd-year undergraduate software engineering team project. Qualitative findings from a survey (39 students) and interviews (eight students) provide insights into the students' views on the impact of GenAI use on their coding experience, learning, and self-efficacy. Our results address a particular gap in understanding the role and implications of GenAI on teamwork, team-efficacy, and team dynamics. The analysis of the learning aspects is distinguished by the application of learning- and pedagogy-informed lenses to discuss the data. We propose a preliminary design space for GenAI-based programming learning tools highlighting the importance of considering the roles that GenAI can play during the learning process, the scaffolding support that can be applied to each role, and the importance of supporting transparency in GenAI for team members and students in addition to educators.",scopus,llm,0.990,unreviewed,
discarded,An empirical eye-tracking study of cross-lingual program comprehension and debugging,Mohammed A.,2026,Journal of Systems and Software,10.1016/j.jss.2026.112793,https://www.scopus.com/inward/record.uri?partnerID=HzOxMe3b&scp=105028352562&origin=inward,not-focused-on-misconceptions,"The ability for students to effectively adapt to new programming languages is a desirable skill that is useful for careers demanding rapid adoption of different languages. This study aims to measure the cognitive load required to generalize programming skills from one language to another across three different tasks: code comprehension, syntactic debugging, and semantic debugging. Participants with basic background in either Java or Python (but not both) were asked to explain a given code segment or identify the syntactic/semantic bug for code written in Python. The cognitive load (i.e., mental effort) to tackle the three tasks in Python for Java-trained students is then measured by employing eye-tracking technology and compared against Python-trained students to determine the overhead in processing these tasks. Our results show that the difference in cognitive load between Java and Python students was more significant when focusing on conditional or iterative constructs compared to other statements in the code. These findings suggest that certain code elements require more effort than others when trying to understand code in a new language, guiding educators toward focusing more on those challenging areas when instructing students with existing knowledge in a different programming language.",scopus,llm,0.860,unreviewed,
discarded,"A systematic review of the impact of GenAI on learning performance, AI hallucinations, and problem-solving in computer science education",Adejumo A.A.,2026,Computers and Education Artificial Intelligence,10.1016/j.caeai.2026.100570,https://www.scopus.com/inward/record.uri?partnerID=HzOxMe3b&scp=105032883209&origin=inward,ai-tools; too-broad-review,"ABSTRACT This systematic review synthesizes 64 empirical studies to examine how Generative AI (GenAI) shapes learning in Computer Science Education (CSE), particularly in programming, debugging, algorithmic reasoning, and computational problem-solving contexts. Grounded in Constructivist, Sociocultural, Cognitive Load, Adaptive Learning, and Metacognitive Learning theories, the review adopts an integrative perspective to analyze how GenAI-driven adaptivity, AI output qualities, hallucination dynamics, and cognitive–affective regulation influence learners’ interpretation, cognitive processing, and learning outcomes. Findings reveal a dual impact of GenAI in CSE. On the negative side, hallucinated or misleading outputs can increase extraneous cognitive load during programming and debugging and promote over-reliance on system-generated content. They may also perpetuate inequities due to limited access in low-resource settings or insufficient support for culturally and linguistically diverse learners. These effects can disrupt error detection, self-monitoring, and problem-solving, leading to impaired learning performance, and widened educational disparities. On the positive side, when embedded within structured, equitable, and pedagogically grounded environments, GenAI supports reflective programming practice by promoting self-monitoring, verification, and strategic adjustment, thereby enhancing problem-solving skills, engagement, and personalized learning outcomes. By framing learning performance, hallucination dynamics, and problem-solving as interconnected dimensions of GenAI-supported computing education, this review provides a theoretically coherent and pedagogically grounded lens for understanding how GenAI reshapes learning in CSE. The review’s novelty lies in its integrative conceptual framework, offering actionable insights for designing equitable, cognitively balanced, and instructionally effective GenAI-supported learning environments.",scopus,llm,0.980,unreviewed,
discarded,Evaluating adaptive and generative AI-based feedback and recommendations in a knowledge-graph-integrated programming learning system,Na Nongkhai L.,2026,Computers and Education Artificial Intelligence,10.1016/j.caeai.2025.100526,https://www.scopus.com/inward/record.uri?partnerID=HzOxMe3b&scp=105024434764&origin=inward,ai-tools; intervention-study,"This paper introduces the design and development of a framework that integrates a large language model (LLM) with a retrieval-augmented generation (RAG) approach leveraging both a knowledge graph and user interaction history. The framework is incorporated into a previously developed adaptive learning support system to assess learners’ code, generate formative feedback, and recommend exercises. Moreover, this study examines learner preferences across three instructional modes: adaptive, Generative AI (GenAI), and hybrid GenAI–adaptive. An experimental study was conducted to compare the learning performance and perception of the learners, and the effectiveness of these three modes using four key log features derived from 4956 code submissions across all experimental groups. The analysis results show that learners receiving feedback from GenAI modes had significantly more correct code and fewer code submissions missing essential programming logic than those receiving feedback from adaptive mode. In particular, the hybrid GenAI–adaptive mode achieved the highest number of correct submissions and the fewest incorrect or incomplete attempts, outperforming both the adaptive-only and GenAI-only modes. Questionnaire responses further indicated that GenAI-generated feedback was widely perceived as helpful, while all modes were rated positively for ease of use and usefulness. These results suggest that the hybrid GenAI–adaptive mode outperforms the other two modes across all measured log features.",scopus,llm,0.980,unreviewed,
discarded,A Grounded Conceptual Model for Ownership Types in Rust,Crichton W.,2026,Communications of the ACM,10.1145/3796537,https://www.scopus.com/inward/record.uri?partnerID=HzOxMe3b&scp=105037856555&origin=inward,not-introductory-programming,,scopus,llm,0.970,unreviewed,
