status,title,authors,year,venue,doi,url,tags,abstract,provider,decision_source,llm_confidence,llm_review_outcome,llm_change_direction
discarded,New Kid in the Classroom: Exploring Student Perceptions of AI Coding Assistants,Sergio Rojas-Galeano,2025,cs.HC,10.48550/arXiv.2507.22900,http://arxiv.org/abs/2507.22900v4,ai-tools; intervention-study; not-focused-on-misconceptions,"The arrival of AI coding assistants in educational settings presents a paradigm shift, introducing a ""new kid in the classroom"" for both students and instructors. Thus, understanding the perceptions of these key actors about this new dynamic is critical. This exploratory study contributes to this area by investigating how these tools are shaping the experiences of novice programmers in an introductory programming course. Through a two-part exam, we investigated student perceptions by first providing access to AI support for a programming task and then requiring an extension of the solution without it. We collected Likert-scale and open-ended responses from 20 students to understand their perceptions on the challenges they faced. Our findings reveal that students perceived AI tools as helpful for grasping code concepts and boosting their confidence during the initial development phase. However, a noticeable difficulty emerged when students were asked to work unaided, pointing to potential overreliance and gaps in foundational knowledge transfer. These insights highlight a critical need for new pedagogical approaches that integrate AI effectively while effectively enhancing core programming skills, rather than impersonating them.",arxiv,llm,0.980,unreviewed,
discarded,"Engineering Students' Self-Efficacy, Perceptions, and Performance in a Flipped CS1 Course",Griffin Pitts; Ashish Aggarwal,2026,cs.CY,10.48550/arXiv.2606.01471,http://arxiv.org/abs/2606.01471v1,motivation; not-focused-on-misconceptions,"This full research paper investigates how engineering students' course-related beliefs relate to exam performance in a flipped introductory programming course. Understanding factors that influence student learning and performance has long been a focus of computing education research. While prior studies have identified psychological and contextually relevant predictors of success, much of this work has examined students majoring in computer science. Yet introductory programming courses now serve many students from other disciplines, whose beliefs and motivations may differ. To examine these relationships in an engineering-focused CS1 context, we analyze survey and exam data from 602 students. An exploratory factor analysis identified three latent factors: self-efficacy, attitudes toward learning, and perceived programming difficulty. Self-efficacy was positively associated with exam performance, while perceived difficulty was negatively associated. Differences in reported beliefs were also observed across demographic groups, even when performance outcomes were similar. These findings align with and extend prior research, highlighting the role of self-efficacy in achievement and persistence in computing education.",arxiv,llm,0.980,unreviewed,
discarded,A Preliminary Data-driven Analysis of Common Errors Encountered by Novice SPARC Programmers,Zach Hansen; Hanxiang Du; Wanli Xing; Rory Eckel; Justin Lugo; Yuanlin Zhang,2022,cs.CY,10.4204/EPTCS.364.2,http://arxiv.org/abs/2208.03090v1,not-focused-on-misconceptions; not-introductory-programming,"Answer Set Programming (ASP), a modern development of Logic Programming, enables a natural integration of Computing with STEM subjects. This integration addresses a widely acknowledged challenge in K-12 education, and early empirical results on ASP-based integration are promising. Although ASP is considered a simple language when compared with imperative programming languages, programming errors can still be a significant barrier for students. This is particularly true for K-12 students who are novice users of ASP. Categorizing errors and measuring their difficulty has yielded insights into imperative languages like Java. However, little is known about the types and difficulty of errors encountered by K-12 students using ASP. To address this, we collected high school student programs submitted during a 4-session seminar teaching an ASP language known as SPARC. From error messages in this dataset, we identify a collection of error classes, and measure how frequently each class occurs and how difficult it is to resolve.",arxiv,llm,0.950,unreviewed,
kept,Catalogs of C and Python Antipatterns by CS1 Students,Yorah Bosse; Igor Scaliante Wiese; Marco Aurélio Graciotto Silva; Nelson Lago; Leônidas de Oliveira Brandão; David Redmiles; Fabio Kon; Marco A. Gerosa,2021,cs.CY,10.48550/arXiv.2104.12542,http://arxiv.org/abs/2104.12542v1,misconceptions; introductory-programming; student-difficulties,"Understanding students' programming misconceptions is critical. Doing so depends on identifying the reasons why students make errors when learning a new programming language. Knowing the misconceptions can help students to improve their reflection about their mistakes and also help instructors to design better teaching strategies. In this technical report, we propose catalogs of antipatterns for two programming languages: C and Python. To accomplish this, we analyzed the codes of 166 CS1 engineering students when they were coding solutions to programming exercises. In our results, we catalog 41 CS1 antipatterns from 95 cataloged misconceptions in C and Python. These antipatterns were separated into three catalogs: C, Python, and antipatterns found in code using both programming languages. For each antipattern, we present code examples, students' solutions (if they are present), a possible solution to avoid the antipattern, among other information.",arxiv,llm,0.990,unreviewed,
discarded,Investigating Compilation Errors of Students Learning Haskell,Boldizsár Németh; Eunjong Choi; Erina Makihara; Hajimu Iida,2019,cs.PL,10.4204/EPTCS.295.4,http://arxiv.org/abs/1906.11450v1,not-focused-on-misconceptions; not-introductory-programming,"While functional programming is an efficient way to express complex software, functional programming languages have a steep learning curve. Haskell can be challenging to learn for students who were only introduced to imperative programming. It is important to look for methods and tools that may reduce the difficulty of learning functional programming. Finding methods to help students requires understanding the errors that students make while learning Haskell.
  There are several previous studies revealing data about Haskell compiler errors, but they do not focus on the analysis of the compiler errors or they only study a certain kind of compiler errors.
  This study investigates compilation errors of novice Haskell students and make suggestions on how their learning efficiency can be improved. Unlike previous studies we focus on uncovering the root problems with the student solutions by analysing samples of their submissions.",arxiv,llm,0.740,unreviewed,
discarded,A Proposed Framework for Development of a Visualizer Based on Memory Transfer Language (MTL),Ally S. Nyamawe,2014,cs.PL,10.14445/22312803/IJCTT-V13P136,http://arxiv.org/abs/1408.2564v1,intervention-study; not-focused-on-misconceptions,"Computer programming is among the fundamental aspects of computer science curriculum. Many students first introduced to introductory computer programming courses experience difficulties in learning and comprehending. Vast amount of researches have revealed that, generally programming courses are regarded as difficult and challenging and thus often have the highest dropout rates. Moreover, numerous researches have devoted in delivering new approaches and tools in enhancing the process of teaching and learning computer programming to novice programmers. One among the tools that have emerged to offer positive results is Program Visualization tool (Visualizer). Visualizers have shown remarkable contributions in facilitating novices to learn and comprehend computer programming. In addition to that, an approach to visualize codes execution, Memory Transfer Language (MTL), allows a novice to animate the code through paper and pencil mechanism without actively involving the machine. MTL depends on the concepts of RAM (Random Access Memory) to interpret the code line by line. Programming requires effort and special approach in the way it is learned and taught, thus this paper aimed at presenting a proposed framework for developing a visualizer that employs the use of MTL to enhance teaching and learning programming.",arxiv,llm,0.900,unreviewed,
discarded,"Understanding Self-Regulated Learning Behavior Among High and Low Dropout Risk Students During CS1: Combining Trace Logs, Dropout Prediction and Self-Reports",Denis Zhidkikh; Ville Isomöttönen; Toni Taipalus,2025,cs.CY,10.48550/arXiv.2506.09178,http://arxiv.org/abs/2506.09178v2,motivation; not-focused-on-misconceptions,"The introductory programming course (CS1) at the university level is often perceived as particularly challenging, contributing to high dropout rates among Computer Science students. Identifying when and how students encounter difficulties in this course is critical for providing targeted support. This study explores the behavioral patterns of CS1 students at varying dropout risks using self-regulated learning (SRL) as the theoretical framework. Using learning analytics, we analyzed trace logs and task performance data from a virtual learning environment to map resource usage patterns and used student dropout prediction to distinguish between low and high dropout risk behaviors. Data from 47 consenting students were used to carry out the analysis. Additionally, self-report questionnaires from 29 participants enriched the interpretation of observed patterns. The findings reveal distinct weekly learning strategy types and categorize course behavior. Among low dropout risk students, three learning strategies were identified that differed in how students prioritized completing tasks and reading course materials. High dropout risk students exhibited nine different strategies, some representing temporary unsuccessful strategies that can be recovered from, while others indicated behaviors of students on the verge of dropping out. This study highlights the value of combining student behavior profiling with predictive learning analytics to explain dropout predictions and devise targeted interventions. Practical findings of the study can in turn be used to help teachers, teaching assistants and other practitioners to better recognize and address students at the verge of dropping out.",arxiv,llm,0.960,unreviewed,
discarded,Vector Programming Using Structural Recursion,Marco T. Morazán,2018,cs.PL,10.4204/EPTCS.270.1,http://arxiv.org/abs/1805.05124v1,intervention-study; not-focused-on-misconceptions,"Vector programming is an important topic in many Introduction to Computer Science courses. Despite the importance of vectors, learning vector programming is a source for frustration to  many students given that they feel left adrift when it comes to resolving vector indexing errors. Even though the size of a vector is a natural number, there have been no efforts to define a useful recursive data definition to help beginners design vector processing functions. This article defines the concept of a vector interval and describes how to exploit its recursive structure to design vector processing functions. The described methodology provides a context beginners can use to reason about proper vector indexing instead of leaving them adrift with this responsibility. A key feature of properly using the described methodology is that if students process the correct vector interval then vector indexing errors can not arise. The classroom deployment of this approach is described in detail. Students, to date, have found vector intervals helpful in avoiding out-of-bounds indexing errors when all the vector elements of the interval are processed.",arxiv,llm,0.830,unreviewed,
discarded,Creating a Trajectory for Code Writing: Algorithmic Reasoning Tasks,Shruthi Ravikumar; Margaret Hamilton; Charles Thevathayan; Maria Spichkova; Kashif Ali; Gayan Wijesinghe,2024,cs.SE,10.48550/arXiv.2404.02464,http://arxiv.org/abs/2404.02464v1,not-focused-on-misconceptions; intervention-study,"Many students in introductory programming courses fare poorly in the code writing tasks of the final summative assessment. Such tasks are designed to assess whether novices have developed the analytical skills to translate from the given problem domain to coding. In the past researchers have used instruments such as code-explain and found that the extent of cognitive depth reached in these tasks correlated well with code writing ability. However, the need for manual marking and personalized interviews used for identifying cognitive difficulties limited the study to a small group of stragglers. To extend this work to larger groups, we have devised several question types with varying cognitive demands collectively called Algorithmic Reasoning Tasks (ARTs), which do not require manual marking. These tasks require levels of reasoning which can define a learning trajectory. This paper describes these instruments and the machine learning models used for validating them. We have used the data collected in an introductory programming course in the penultimate week of the semester which required attempting ART type instruments and code writing. Our preliminary research suggests ART type instruments can be combined with specific machine learning models to act as an effective learning trajectory and early prediction of code-writing skills.",arxiv,llm,0.910,unreviewed,
discarded,Teaching Introductory Functional Programming Using Haskelite,Pedro Vasconcelos,2025,cs.PL,10.4204/EPTCS.424.3,http://arxiv.org/abs/2508.03640v1,intervention-study; not-focused-on-misconceptions,"Learning functional programming requires learning a substitution-based computational model. While substitution should be a familiar concept from high-school algebra, students often have difficulty applying it to new settings, such as recursive definitions, algebraic data types and higher-order functions. Step-by-step interpreters have been shown to help beginners by clarifying misconceptions and improving understanding.
  This paper reports on the experience of using a step-by-step tracing interpreter for a subset of Haskell while teaching an introductory functional programming course at the University of Porto.  We describe the use of the interpreter, present some feedback obtained from students, reflect on the lessons learned and point directions for further work.
",arxiv,llm,0.770,unreviewed,
discarded,Software Engineering Educational Experience in Building an Intelligent Tutoring System,Zhiyu Fan; Yannic Noller; Ashish Dandekar; Abhik Roychoudhury,2023,cs.SE,10.48550/arXiv.2310.05472,http://arxiv.org/abs/2310.05472v3,intervention-study; not-focused-on-misconceptions,"The growing number of students enrolling in Computer Science (CS) programmes is pushing CS educators to their limits. This poses significant challenges to computing education, particularly the teaching of introductory programming and advanced software engineering (SE) courses. First-year programming courses often face overwhelming enrollments, including interdisciplinary students who are not CS majors. The high teacher-to-student ratio makes it challenging to provide timely and high-quality feedback. Meanwhile, software engineering education comes with inherent difficulties like acquiring industry partners and the dilemma that such software projects are often under or over-specified and one-time efforts within one team or one course. To address these challenges, we designed a novel foundational SE course. This SE course envisions building a full-fledged Intelligent Tutoring System (ITS) of Programming Assignments to provide automated, real-time feedback for novice students in programming courses over multiple years. Each year, SE students contribute to specific short-running SE projects that improve the existing ITS implementation, while at the same time, we can deploy the ITS for usage by students for learning programming. This project setup builds awareness among SE students about their contribution to a ""to-be-deployed"" software project. In this multi-year teaching effort, we have incrementally built an ITS that is now deployed in various programming courses. This paper discusses the Intelligent Tutoring System architecture, our teaching concept in the SE course, our experience with the built ITS, and our view of future computing education.",arxiv,llm,0.980,unreviewed,
discarded,Zero Shot Learning for Code Education: Rubric Sampling with Deep Learning Inference,Mike Wu; Milan Mosse; Noah Goodman; Chris Piech,2018,cs.LG,10.48550/arXiv.1809.01357,http://arxiv.org/abs/1809.01357v2,intervention-study; not-focused-on-misconceptions,"In modern computer science education, massive open online courses (MOOCs) log thousands of hours of data about how students solve coding challenges. Being so rich in data, these platforms have garnered the interest of the machine learning community, with many new algorithms attempting to autonomously provide feedback to help future students learn. But what about those first hundred thousand students? In most educational contexts (i.e. classrooms), assignments do not have enough historical data for supervised learning. In this paper, we introduce a human-in-the-loop ""rubric sampling"" approach to tackle the ""zero shot"" feedback challenge. We are able to provide autonomous feedback for the first students working on an introductory programming assignment with accuracy that substantially outperforms data-hungry algorithms and approaches human level fidelity. Rubric sampling requires minimal teacher effort, can associate feedback with specific parts of a student's solution and can articulate a student's misconceptions in the language of the instructor. Deep learning inference enables rubric sampling to further improve as more assignment specific student data is acquired. We demonstrate our results on a novel dataset from Code.org, the world's largest programming education platform.",arxiv,llm,0.970,unreviewed,
kept,Isolated Detection of Misconceptions in an Adaptive Program Tracing Instrument,"Bastian, Morten; Muehling, Andreas",2026,IEEE TRANSACTIONS ON EDUCATION,10.1109/TE.2026.3685553,https://www.webofscience.com/wos/woscc/full-record/WOS:001748523200001,misconceptions; program-tracing; variables-loops-boolean; introductory-programming,"Background: Educators commonly use formative or summative assessments to evaluate learners' understanding and identify misconceptions. In the context of programming, existing approaches typically do not provide time-efficient diagnosis of specific misconceptions. Adaptive testing can provide an opportunity to overcome these limitations by customizing the item selection process individually for each learner. Contribution: This article presents a theoretical derivation of an approach for diagnosing misconceptions related to control flow. Based on the notion of shadowed misconception, an adaptive test to identify these misconceptions is constructed, and an evaluation of this test in the context of an introductory programming course (N = 97) is presented. Research Questions: (RQ1) How can an adaptive test be designed to diagnose known misconceptions of control flow as isolated as possible? (RQ2) How reliable is an adaptive testing instrument, designed around the isolated detection of misconceptions, at predicting novice learners' performance? Methodology: A formative assessment was constructed based on a theoretically derived decision-tree framework of typical misconceptions related to control flow. To evaluate the assessment, a mixed methods approach was employed through a study involving novice university-level programmers. Subsequently, the instrument was analyzed in terms of internal consistency and the presence of various misconceptions. Findings: The results indicate that the adaptive nature of the test reduces the number of items necessary for a diagnosis by 33%. The results also demonstrate that learners' responses to unseen items can be reliably predicted with an average accuracy of approximately 86%. Furthermore, qualitative data confirms that the test is able to detect a variety of known misconceptions.",wos,llm,0.930,unreviewed,
