status,title,authors,year,venue,doi,url,tags,abstract,provider,decision_source,llm_confidence,llm_review_outcome,llm_change_direction
discarded,An Inquisitive Code Editor for Addressing Novice Programmers' Misconceptions of Program Behavior,Austin Z. Henley; Julian Ball; Benjamin Klein; Aiden Rutter; Dylan Lee,2021,cs.SE,10.48550/arXiv.2102.06098,http://arxiv.org/abs/2102.06098v1,intervention-study; not-focused-on-misconceptions,"Novice programmers face numerous barriers while attempting to learn how to code that may deter them from pursuing a computer science degree or career in software development. In this work, we propose a tool concept to address the particularly challenging barrier of novice programmers holding misconceptions about how their code behaves. Specifically, the concept involves an inquisitive code editor that: (1) identifies misconceptions by periodically prompting the novice programmer with questions about their program's behavior, (2) corrects the misconceptions by generating explanations based on the program's actual behavior, and (3) prevents further misconceptions by inserting test code and utilizing other educational resources. We have implemented portions of the concept as plugins for the Atom code editor and conducted informal surveys with students and instructors. Next steps include deploying the tool prototype to students enrolled in introductory programming courses.",arxiv,llm,0.840,unreviewed,
discarded,"The Use of Computational Thinking Skills, Difficulties, and Strategies of Introductory Programming Students Solving Bebras Tasks",Enrico Benedetti; Isaac Alpizar-Chacon; Johan Jeuring,2026,cs.CY,10.1145/3765964.3811647,http://arxiv.org/abs/2606.02175v1,not-focused-on-misconceptions,"Computational thinking (CT) is regarded as a fundamental skill set everyone should learn. Identifying when and how CT skills are used is challenging but important to inform interventions supporting their development. Previous research has examined how students and experts apply CT skills when solving introductory computational problems. However, the extent to which higher education students in introductory programming courses do so in depth is underexplored. We address this gap by examining how those students apply CT skills when solving computational problems, the difficulties they encounter, and the strategies they employ. We collected plans and solutions to Bebras tasks (short problems introducing CS concepts and considered effective for eliciting CT skills) in an introductory programming course for non-CS majors. We gathered 241 submissions from 58 students across five tasks, along with post-task comments and reflections on strategies. We analyzed the data using descriptive statistics, applied an existing coding scheme to identify CT skills, and conducted thematic analysis to identify difficulties and strategies. Submissions varied in structure and level of detail. The most prevalent CT skills were algorithmic thinking, abstraction, and decomposition, while evaluation and generalization appeared much less frequently. CT skill presence was positively associated with correct answers. Students faced challenges in four areas, including understanding the tasks and making a plan, and reported various problem-solving strategies. Consolidating and extending prior research on CT skills and problem solving, our findings show that students in introductory programming apply CT skills but can struggle to solve problems systematically and explain their reasoning. Furthermore, Bebras tasks create opportunities for this population to engage CT skills and could be used in future research.",arxiv,llm,0.820,unreviewed,
discarded,Conceptual Mutation Testing for Student Programming Misconceptions,Siddhartha Prasad; Ben Greenman; Tim Nelson; Shriram Krishnamurthi,2023,cs.SE,10.22152/programming-journal.org/2024/8/7,http://arxiv.org/abs/2401.00021v1,intervention-study; not-focused-on-misconceptions,"Context: Students often misunderstand programming problem descriptions. This can lead them to solve the wrong problem, which creates frustration, obstructs learning, and imperils grades. Researchers have found that students can be made to better understand the problem by writing examples before they start programming. These examples are checked against correct and wrong implementations -- analogous to mutation testing -- provided by course staff. Doing so results in better student understanding of the problem as well as better test suites to accompany the program, both of which are desirable educational outcomes.
  Inquiry: Producing mutant implementations requires care. If there are too many, or they are too obscure, students will end up spending a lot of time on an unproductive task and also become frustrated. Instead, we want a small number of mutants that each correspond to common problem misconceptions. This paper presents a workflow with partial automation to produce mutants of this form which, notably, are not those produced by mutation-testing tools.
  Approach: We comb through student tests that fail a correct implementation. The student misconceptions are embedded in these failures. We then use methods to semantically cluster these failures. These clusters are then translated into conceptual mutants. These can then be run against student data to determine whether we they are better than prior methods. Some of these processes also enjoy automation.
  Knowledge: We find that student misconceptions illustrated by failing tests can be operationalized by the above process. The resulting mutants do much better at identifying student misconceptions.
  Grounding: Our findings are grounded in a manual analysis of student examples and a quantitative evaluation of both our clustering techniques and our process for making conceptual mutants. The clustering evaluation compares against a ground truth using standard cluster-correspondence measures, while the mutant evaluation examines how conceptual mutants perform against student data.
  Importance: Our work contributes a workflow, with some automation, to reduce the cost and increase the effectiveness of generating conceptually interesting mutants. Such mutants can both improve learning outcomes and reduce student frustration, leading to better educational outcomes. In the process, we also identify a variation of mutation testing not commonly discussed in the software literature.",arxiv,llm,0.870,unreviewed,
discarded,PasteTrace: A Single Source Plagiarism Detection Tool For Introductory Programming Courses,Jesse McDonald; Scott Robertson; Anthony Peruma,2025,cs.CY,10.48550/arXiv.2506.17355,http://arxiv.org/abs/2506.17355v1,not-focused-on-misconceptions,"Introductory Computer Science classes are important for laying the foundation for advanced programming courses. However, students without prior programming experience may find these courses challenging, leading to difficulties in understanding concepts and engaging in academic dishonesty such as plagiarism. While there exists plagiarism detection techniques and tools, not all of them are suitable for academic settings, especially in introductory programming courses. This paper introduces PasteTrace, a novel open-source plagiarism detection tool designed specifically for introductory programming courses. Unlike traditional methods, PasteTrace operates within an Integrated Development Environment that tracks the student's coding activities in real-time for evidence of plagiarism. Our evaluation of PasteTrace in two introductory programming courses demonstrates the tool's ability to provide insights into student behavior and detect various forms of plagiarism, outperforming an existing well-established tool.
  A video demonstration of PasteTrace and its source code, and case study data are made available at https://doi.org/10.6084/m9.figshare.27115852",arxiv,llm,0.980,unreviewed,
discarded,The Widening Gap: The Benefits and Harms of Generative AI for Novice Programmers,James Prather; Brent Reeves; Juho Leinonen; Stephen MacNeil; Arisoa S. Randrianasolo; Brett Becker; Bailey Kimmel; Jared Wright; Ben Briggs,2024,cs.AI,10.48550/arXiv.2405.17739,http://arxiv.org/abs/2405.17739v1,ai-tools; intervention-study; not-focused-on-misconceptions,"Novice programmers often struggle through programming problem solving due to a lack of metacognitive awareness and strategies. Previous research has shown that novices can encounter multiple metacognitive difficulties while programming. Novices are typically unaware of how these difficulties are hindering their progress. Meanwhile, many novices are now programming with generative AI (GenAI), which can provide complete solutions to most introductory programming problems, code suggestions, hints for next steps when stuck, and explain cryptic error messages. Its impact on novice metacognition has only started to be explored. Here we replicate a previous study that examined novice programming problem solving behavior and extend it by incorporating GenAI tools. Through 21 lab sessions consisting of participant observation, interview, and eye tracking, we explore how novices are coding with GenAI tools. Although 20 of 21 students completed the assigned programming problem, our findings show an unfortunate divide in the use of GenAI tools between students who accelerated and students who struggled. Students who accelerated were able to use GenAI to create code they already intended to make and were able to ignore unhelpful or incorrect inline code suggestions. But for students who struggled, our findings indicate that previously known metacognitive difficulties persist, and that GenAI unfortunately can compound them and even introduce new metacognitive difficulties. Furthermore, struggling students often expressed cognitive dissonance about their problem solving ability, thought they performed better than they did, and finished with an illusion of competence. Based on our observations from both groups, we propose ways to scaffold the novice GenAI experience and make suggestions for future work.",arxiv,llm,0.950,unreviewed,
discarded,Investigating students' strengths and difficulties in quantum computing,Tunde Kushimo; Beth Thacker,2022,physics.ed-ph,10.48550/arXiv.2212.03726,http://arxiv.org/abs/2212.03726v3,not-introductory-programming,"Quantum Computing is an exciting field that draws from information theory, computer science, mathematics, and quantum physics to process information in fundamentally new ways. There is an ongoing race to develop practical quantum computers and increase the quantum workforce. This needs to be accompanied by the development of quantum computing programs, courses, and curricula coupled with the development of evidence-based pedagogical materials to support the education of the next generation of quantum information scientists. We introduced an introductory course in quantum computing to undergraduate students and investigated the strengths and difficulties of these students in quantum computing after taking the introductory course. Our goal is to contribute to the improvement of quantum computing education while understanding the topics that the students find easy to comprehend and the topics that are difficult to comprehend. We conducted a series of interviews to identify these strengths and difficulties in the students. We report on the results of these interviews and our initial work on the development of evidence-based materials for teaching an introductory course in quantum computing.",arxiv,llm,0.990,unreviewed,
discarded,Integrating Natural Language Prompting Tasks in Introductory Programming Courses,Chris Kerslake; Paul Denny; David H Smith; James Prather; Juho Leinonen; Andrew Luxton-Reilly; Stephen MacNeil,2024,cs.CY,10.48550/arXiv.2410.03063,http://arxiv.org/abs/2410.03063v1,ai-tools; intervention-study; not-focused-on-misconceptions,"Introductory programming courses often emphasize mastering syntax and basic constructs before progressing to more complex and interesting programs. This bottom-up approach can be frustrating for novices, shifting the focus away from problem solving and potentially making computing less appealing to a broad range of students. The rise of generative AI for code production could partially address these issues by fostering new skills via interaction with AI models, including constructing high-level prompts and evaluating code that is automatically generated. In this experience report, we explore the inclusion of two prompt-focused activities in an introductory course, implemented across four labs in a six-week module. The first requires students to solve computational problems by writing natural language prompts, emphasizing problem-solving over syntax. The second involves students crafting prompts to generate code equivalent to provided fragments, to foster an understanding of the relationship between prompts and code. Most of the students in the course had reported finding programming difficult to learn, often citing frustrations with syntax and debugging. We found that self-reported difficulty with learning programming had a strong inverse relationship with performance on traditional programming assessments such as tests and projects, as expected. However, performance on the natural language tasks was less strongly related to self-reported difficulty, suggesting they may target different skills. Learning how to communicate with AI coding models is becoming an important skill, and natural language prompting tasks may appeal to a broad range of students.",arxiv,llm,0.980,unreviewed,
discarded,An Explainable AI Assistant for Introductory Programming Education: Improving Feedback Reliability with Instructor-AI Collaboration,Muntasir Hoq; Griffin Pitts; Bradford Mott; Seung Lee; Jessica Vandenberg; Shuyin Jiao; Narges Norouzi; James Lester; Bita Akram,2026,cs.CY,10.48550/arXiv.2606.12425,http://arxiv.org/abs/2606.12425v1,ai-tools; intervention-study; not-focused-on-misconceptions,"Active learning is widely recognized as an effective approach for improving learning outcomes in introductory programming courses. However, insufficient instructional support often limits students' access to timely, personalized feedback, which is crucial for mastering foundational programming concepts. Although recent advances in AI, particularly large language models, offer scalable opportunities for feedback, concerns about explainability and reliability remain. In this paper, we present an AI-driven classroom assistant that leverages an explainable AI model to analyze student code, map logical errors to instructor-identified misconceptions, and deliver instructor-authored feedback, thereby grounding reliability in instructor-defined pedagogical knowledge. To evaluate the effectiveness of our framework, we conducted an expert evaluation to examine its alignment with instructor-verified feedback and deployed the system in a classroom setting to assess students' perceptions of its usability. Results indicate that the assistant can provide accurate, instructor-verified feedback to students while fostering a positive experience.",arxiv,llm,0.970,unreviewed,
discarded,Accodemy: AI Powered Code Learning Platform to Assist Novice Programmers in Overcoming the Fear of Coding,M. A. F. Aamina; V. Kavishcan; W. M. P. B. B. Jayaratne; K. K. D. S. N. Kannangara; A. A. Aamil; Achini Adikari,2025,cs.HC,10.48550/arXiv.2503.16486,http://arxiv.org/abs/2503.16486v1,ai-tools; motivation; intervention-study,"Computer programming represents a rapidly evolving and sought-after career path in the 21st century. Nevertheless, novice learners may find the process intimidating for several reasons, such as limited and highly competitive career opportunities, peer and parental pressure for academic success, and course difficulties. These factors frequently contribute to anxiety and eventual dropout as a result of fear. Furthermore, research has demonstrated that beginners are significantly deterred by the fear of failure, which results in programming anxiety and and a sense of being overwhelmed by intricate topics, ultimately leading to dropping out. This project undertakes an exploration beyond the scope of conventional code learning platforms by identifying and utilising effective and personalised strategies of learning. The proposed solution incorporates features such as AI-generated challenging questions, mindfulness quotes, and tips to motivate users, along with an AI chatbot that functions as a motivational aid. In addition, the suggested solution integrates personalized roadmaps and gamification elements to maintain user involvement. The project aims to systematically monitor the progress of novice programmers and enhance their knowledge of coding with a personalised, revised curriculum to help mitigate the fear of coding and boost confidence.",arxiv,llm,0.990,unreviewed,
discarded,Between Tool and Trouble: Student Attitudes Toward AI in Programming Education,Sergio Rojas-Galeano; Julian Tejada; Fernando Marmolejo-Ramos,2025,cs.ET,10.48550/arXiv.2508.05999,http://arxiv.org/abs/2508.05999v1,ai-tools; intervention-study; not-focused-on-misconceptions,"This study examines how AI code assistants shape novice programmers experiences during a two-part exam in an introductory programming course. In the first part, students completed a programming task with access to AI support; in the second, they extended their solutions without AI. We collected Likert-scale and open-ended responses from 20 students to evaluate their perceptions and challenges. Findings suggest that AI tools were perceived as helpful for understanding code and increasing confidence, particularly during initial development. However, students reported difficulties transferring knowledge to unaided tasks, revealing possible overreliance and gaps in conceptual understanding. These insights highlight the need for pedagogical strategies that integrate AI meaningfully while reinforcing foundational programming skills.",arxiv,llm,0.970,unreviewed,
discarded,Facilitating Instructors-LLM Collaboration for Problem Design in Introductory Programming Classrooms,Muntasir Hoq; Jessica Vandenberg; Shuyin Jiao; Seung Lee; Bradford Mott; Narges Norouzi; James Lester; Bita Akram,2025,cs.HC,10.48550/arXiv.2504.01259,http://arxiv.org/abs/2504.01259v2,ai-tools; intervention-study; teacher-strategies,"Advancements in Large Language Models (LLMs), such as ChatGPT, offer significant opportunities to enhance instructional support in introductory programming courses. While extensive research has explored the effectiveness of LLMs in supporting student learning, limited studies have examined how these models can assist instructors in designing instructional activities. This work investigates how instructors' expertise in effective activity design can be integrated with LLMs' ability to generate novel and targeted programming problems, facilitating more effective activity creation for programming classrooms. To achieve this, we employ a participatory design approach to develop an instructor-authoring tool that incorporates LLM support, fostering collaboration between instructors and AI in generating programming exercises. This tool also allows instructors to specify common student mistakes and misconceptions, which informs the adaptive feedback generation process. We conduct case studies with three instructors, analyzing how they use our system to design programming problems for their introductory courses. Through these case studies, we assess instructors' perceptions of the usefulness and limitations of LLMs in authoring problem statements for instructional purposes. Additionally, we compare the efficiency, quality, effectiveness, and coverage of designed activities when instructors create problems with and without structured LLM prompting guidelines. Our findings provide insights into the potential of LLMs in enhancing instructor workflows and improving programming education and provide guidelines for designing effective AI-assisted problem-authoring interfaces.",arxiv,llm,0.980,unreviewed,
kept,Learning Programming : An Indian Perspective,Biswajit Saha; Utpal Kumar Ray,2015,cs.CY,10.48550/arXiv.1506.08712,http://arxiv.org/abs/1506.08712v1,novice-difficulties; introductory-programming; programming-learning,"While teaching introductory programming courses for over a decade in reputed institutions we have experienced that several factors play significant role in developing problem solving skills and program development skills in students. There are certain types of difficulties that are encountered by the beginners. These difficulties vary in their nature. Beginners find difficulties with the programming language that they use, the compilers that they use and so on. These difficulties if not overcome proves detrimental to their career as professional engineers at a later stage. This paper focuses on the various types of difficulties that a novice programmer faces while learning programming and tries to find out ways to overcome them.",arxiv,llm,0.710,unreviewed,
