status,title,authors,year,venue,doi,url,tags,abstract,provider,decision_source,llm_confidence,llm_review_outcome,llm_change_direction
discarded,Breaking the Programming Language Barrier: Multilingual Prompting to Empower Non-Native English Learners,"Prather, James; Reeves, Brent N.; Denny, Paul; Leinonen, Juho; MacNeil, Stephen; Luxton-Reilly, Andrew; Orvalho, Joao; Alipour, Amin; Alfageeh, Ali; Amarouche, Thezyrie; Kimmel, Bailey; Wright, Jared; Blake, Musa; Barbre, Gweneth",2025,"PROCEEDINGS OF THE 27TH AUSTRALASIAN COMPUTING EDUCATION CONFERENCE, ACE 2025",10.1145/3716640.3716649,https://www.webofscience.com/wos/woscc/full-record/WOS:001480949300009,ai-tools,"Non-native English speakers (NNES) face multiple barriers to learning programming. These barriers can be obvious, such as the fact that programming language syntax and instruction are often in English, or more subtle, such as being afraid to ask for help in a classroom full of native English speakers. However, these barriers are frustrating because many NNES students know more about programming than they can articulate in English. Advances in generative AI (GenAI) have the potential to break down these barriers because state of the art models can support interactions in multiple languages. Moreover, recent work has shown that GenAI can be highly accurate at code generation and explanation. In this paper, we provide the first exploration of NNES students prompting in their native languages (Arabic, Chinese, and Portuguese) to generate code to solve programming problems. Our results show that students are able to successfully use their native language to solve programming problems, but not without some difficulty specifying programming terminology and concepts. We discuss the challenges they faced, the implications for practice in the short term, and how this might transform computing education globally in the long term.",wos,llm,0.990,unreviewed,
discarded,Judicious: API Documentation for Novices,"Chiodini, Luca; Piatti, Simone; Hauswirth, Matthias",2024,PROCEEDINGS OF THE 2024 ACM SIGPLAN INTERNATIONAL SYMPOSIUM ON SPLASH-E 2024,10.1145/3689493.3689987,https://www.webofscience.com/wos/woscc/full-record/WOS:001344232500009,intervention-study; not-focused-on-misconceptions,"Programmers frequently consult API documentation to learn how to use libraries, both those included with a programming language and those offered by third parties. Beginner programmers also have this need but struggle to browse professional documentation systems, which are aimed at experienced programmers. Educators sometimes try to patch this problem by writing simplified, ad hoc educational documents as a surrogate for a documentation system.

This paper presents Judicious, an API documentation system explicitly designed for novice programmers. It allows retrieving the documentation for one name at a time; offers a clear and distinctive visual representation of functions and constants; gradually presents more information such as types, optional and variable-length parameters for functions; highlights functions with side effects; and instantaneously generates documentation also for functions defined in student code.

Judicious's design builds on prior research in the learning sciences and programming languages. The gradual disclosing of information matches the progression of increasingly larger subsets of programming languages. The diagrammatic representation, the clear distinction between functions and constants, and the pinpointing of side effects aim to address known novice misconceptions. The system is integrated into a code editor and is publicly available as a web platform.",wos,llm,0.940,unreviewed,
discarded,Effects of Block-Based Visual Programming on K-12 Students' Learning Outcomes,"Yu, Qing; Yu, Kun; Li, Baomin",2025,JOURNAL OF EDUCATIONAL COMPUTING RESEARCH,10.1177/07356331241293163,https://www.webofscience.com/wos/woscc/full-record/WOS:001345934000001,teaching-method-review,"Computer programming is regarded as an important skill for the future. However, many K-12 students face challenges and difficulties in learning traditional text-based programming. Block-based visual programming (BVP) can reduce the difficulty of learning programming and is seen as a potential programming education tool. Nevertheless, the effects of BVP on K-12 student learning outcomes remain unclear, and there is no evidence of meta-analysis. This is the first meta-analysis that aims to examine the effects of BVP on K-12 students' learning based on 42 effect sizes from 29 independent experimental studies (2000-2023). The result suggests that BVP has an upper-medium effect on learning (SMD = 0.769, 95% CI = [0.554, 0.984], p < .001), particularly in the cognitive outcome (SMD = 0.698, p < .001). Moreover, the BVP tool, study design, and region have moderating effects. The BVP's effects are larger when: (1) with 61 similar to 100 students, (2) for junior high school, (3) with the learning duration of >1 month, (4) targeting math, (5) among novice students, (6) using Scratch, ScratchJr, Alice, and App Inventor, (7) employing project-based learning and project-based + game-based learning, (8) base on quasi-experimental design, (9) in Africa and Europe, (10) with latter publication years. Finally, discussions, implications, limitations, and future directions are put forward.",wos,llm,0.980,unreviewed,
discarded,Developing an Institutional Peer Code Review Tool using Software Engineering Principles,"Brown, Tamaike; Tenbergen, Bastian",2022,"2022 IEEE FRONTIERS IN EDUCATION CONFERENCE, FIE",10.1109/FIE56618.2022.9962731,https://www.webofscience.com/wos/woscc/full-record/WOS:001204427600356,intervention-study; not-focused-on-misconceptions,"This work in progress paper reports the software engineering activities involved in designing and implementing an institutional peer code review (IPCR) tool. The platform aims to help novice computer science (CS1) students at a particular institution understand Java introductory programming concepts and improve their programming skills while learning from instructors and peers. Over 200 students enrolled in CS1 programming course experience difficulty understanding basic concept such as loops, methods, and classes. Consequently, students may be forced to repeat CS1 courses or, discouraged from continuing their major resulting in a discontinuation of their CS education. Prior studies show that peer code review(PCR) can help address this problem as a collaborative learning approach. However, the methods used in those studies were not done using a tool that was built to help students with little or no programming experience. The goal of this research is therefore to develop an IPCR tool using software engineering principles that facilitates instructor-to-student and peer-to-peer learning. Students shall be able to access the platform 24/7, submit java code and receive feedback from instructors or peers. This will not only help students understand programming principles and identify common novice programmers' mistakes but will also improve students understanding and programming skills. We report on the progress of our tool.",wos,llm,0.960,unreviewed,
kept,Student Misconceptions about Loops in Introductory Programming Courses and the Influence of Representations,"Eckert, Dimitri; Timmermann, Dion; Kautz, Christian",2022,"2022 IEEE FRONTIERS IN EDUCATION CONFERENCE, FIE",10.1109/FIE56618.2022.9962545,https://www.webofscience.com/wos/woscc/full-record/WOS:001204427600171,misconceptions; student-difficulties; variables-loops-boolean; introductory-programming,Research Work in Progress Paper: Loops are a fundamental concept of programming. For novice programmers loops generally and nested loops specifically pose big difficulties. This paper identifies common student misconceptions about loops in a first-year C++ introductory computer science course and the relation of these misconceptions to representations. These findings could help design effective instructional methods.,wos,llm,0.990,unreviewed,
discarded,Teaching Computer Programming as Well-Defined Domain for Beginners with Protoboard,"Hurtado, Carlos; Licea, Guillermo; Garcia-Valdez, Mario; Quezada, Angeles; Castanon-Puga, Manuel",2020,"TRENDS AND INNOVATIONS IN INFORMATION SYSTEMS AND TECHNOLOGIES, VOL 2",10.1007/978-3-030-45691-7_25,https://www.webofscience.com/wos/woscc/full-record/WOS:001300369900025,intervention-study; not-focused-on-misconceptions,"Protoboard is a Learning Management System (LMS) developed to support the teaching-learning process of programming subjects. Protoboard uses a recommender based on fuzzy logic rules according to difficulty levels; the study material are learning objects and programming exercises, and it sends feedback to students about syntax and instructions. In this article, we describe the protoboard system used in beginner Mexican students in a Java programming course, in this system rules and restrictions are used to define the programming domain so that students learn good programming practices as they begin with Java.",wos,llm,0.940,unreviewed,
kept,Why Students Cannot Easily Integrate Component Skills: An Investigation of the Composition Effect in Programming,"Huang, Yun; Schunn, Christian d.; Guerra, Julio; Brusilovsky, Peter",2024,ACM TRANSACTIONS ON COMPUTING EDUCATION,10.1145/3673239,https://www.webofscience.com/wos/woscc/full-record/WOS:001330463400001,program-tracing; reading-tracing; novice-difficulties; skills; introductory-programming,"Programming skills are increasingly important to the current digital economy, yet these skills have long been regarded as challenging to acquire. A central challenge in learning programming skills involves the simultaneous use of multiple component skills. This article investigates why students struggle with integrating component skills-a challenge called the composition effect. This effect was first studied in learning mathematics, and findings in that area have led to more effective instruction in mathematics. In the current work, we systematically investigate the nature of the composition effect in novice code tracing through a classroom study in a university-level introductory programming course. We designed a set of problems that require integrating component skills, along with matched problems that use the same component skills separately. The composition effect was defined as the performance difference between these two types of problems. We further singled out errors that were committed in integration problems but not in the matched problems and conducted qualitative coding to categorize these errors. Statistical analyses produced three main findings. First, we found a robust composition effect across problems and students, mostly with small or medium effect sizes. Second, we identified two potential sources of errors for this composition effect: conceptual misunderstandings of how to integrate component skills and process errors resulting from slips related to cognitive load challenges. In particular, additional conceptual knowledge often appears to be needed when component skills are integrated in specific ways. Moreover, the primary source appears to be misunderstandings of how skills integrate. Composition effects may not generalize across topics, which suggests that domain topics may serve as the conceptual basis for the composition effect. Third, we found stable individual differences in susceptibility to the composition effect in both overall and finer-grained levels. Our findings provide implications for building theories that may generally explain challenges in learning complex skills and may result in practical designs for skill integration enhanced curricula and instruction to foster student mastery in computing education.",wos,llm,0.860,unreviewed,
discarded,DEVELOPING A CELIOTM PROGRAMMING LEARNING TOOL TO FACILIATE TEACHING AND LEARNING DATA STRUCTURE CONCEPTS IN C++ FOR NOVICE PROGRAMMERS,"Mtaho, Adam B.; Masoud, Masoud M.; Mselle, Leonard J.",2024,INFORMATION TECHNOLOGIES AND LEARNING TOOLS,10.33407/itlt.v101i3.5567,https://www.webofscience.com/wos/woscc/full-record/WOS:001309216800004,not-introductory-programming; intervention-study,"Programming is the core skill in computer science (CS) education. It is also a useful course in engineering and science-based courses. However, teaching and learning computer programming has not been an easy task. This is evidenced by the fact that majority of the students face challenges and difficulties in understanding programming concepts and how to apply them in real-life scenarios. The situation is worse for the Data Structures and algorithms (DSA) course, an advanced-level programming course that is mandatory for any CS student. The subject is too hard for novices to grasp due to its abstract and dynamic nature. To address such difficulties, several algorithm visualization (AV) tools have been introduced to help novices understand data structure. However, the pedagogical effectiveness of using such tools has not been successful because they are less engaging for learning DSA. This paper describes how the CeliotM programming learning tool was developed to facilitate learning data structure concepts in C++. The development of CeliotM was achieved by using reuse-oriented software engineering approach. CeliotM was developed by redesigning a Celiot program visualization (PV) tool-a programing learning tool that supporting learning programming in C++. Thus, by using Java as the language, the original version of Celiot was resigned to support compilation and visualization of various data structure elements in Memory Transfer Language (MTL) format; and incorporate several learner engagement features, including the inbuilt C++ compiler and animation explanations. The resulting tool is a CeliotM programming learning tool that visualizes and compiles data structure objects such as queues, stacks, and linked lists in C++ programming language. Empirical results on the evaluation of using CeliotM in teaching data structures and algorithmic concepts reveal that using such tool enhanced students' programming comprehension and offered a more appealing learning experience for novice programmers. The greatest contribution of this work is to provide an education tool for teaching data structures in C++ that can work as a compiler, program and algorithm visualization tool in tandem. It also contributes a valuable resource to programming education, offering an effective and inspiring approach for novices to grasp fundamental programming and data structure concepts.",wos,llm,0.990,unreviewed,
discarded,A Choice-Based Programming Learning Method to Develop Problem-Solving Skills,"Oka, Hiroki; Ohnishi, Ayumi; Nishida, Takeshi; Terada, Tsutomu; Tsukamoto, Masahiko",2024,IEEE ACCESS,10.1109/ACCESS.2024.3443879,https://www.webofscience.com/wos/woscc/full-record/WOS:001308122400001,intervention-study; not-focused-on-misconceptions,"Programming is becoming a new literacy, and programming education is being implemented in various settings. One of the issues faced by novice programmers is a lack of problem-solving skills. They have difficulty planning abstract solutions and expressing them in a program. This study proposes a programming learning system that supports novice programmers' thinking processes when solving programming tasks. The system presents candidates for solutions in natural language and allows the user to solve the problem by choosing from a limited number of options. The method allows users to repeat quick trial-and-error solutions without being interrupted by coding-induced problems. We implemented the proposed system as a web application for use on a smartphone and applied it in a university's introductory programming class. After applying the proposed system to 37 students for four weeks, we found a correlation between the number of times a user selected an option using the proposed system and the class task score. We confirmed the possibility that using the proposed system can improve problem-solving skills for programming tasks.",wos,llm,0.980,unreviewed,
discarded,Using Parsons' puzzles to support nested loops learning,"Gomes, Anabela; Silva, Francisco Lapa; Mendes, Antonio Jose",2024,"XXVI INTERNATIONAL SYMPOSIUM ON COMPUTERS IN EDUCATION, SIIE 2024",10.1109/SIIE63180.2024.10604542,https://www.webofscience.com/wos/woscc/full-record/WOS:001286324800015,intervention-study; not-focused-on-misconceptions,"Learning to program for the first time is not an easy task. Studies show high failure rates are typical due to the difficulties students feel. Many students in introductory programming courses struggle to understand and apply repetitive structures to solve problems. Struggling is usually even more evident when the exercises require nested loops. The difficulties are generally increased by learning strategies that ask students to write programs from scratch. This paper describes an experiment using an alternative approach to support nested loop learning. It involves using Parsons' problems with the support of a specific Moodle plugin. During a class, the students were asked to answer 12 questions involving loops and nested loops through a Parsons puzzles activity. Parsons' problems give the student the necessary programming instructions to solve a particular problem. However, these instructions are unordered, and the student's task is to order them so that the resulting program solves the proposed problem. This approach is more straightforward for students than asking them to solve the same problem from scratch. Hence, it may be an interesting approach for beginners, especially those who show more difficulties and cannot autonomously develop complete programs. At the same time, they expose the students to good programming practices. The difficulty level of the problems presented can be variable, and different programming concepts can be used. Overall, the students responded positively, and informal feedback indicated that many appreciated the opportunity to engage in a different type of task compared to creating complete programs from scratch. Interestingly, students who struggled academically found the activity particularly helpful, as they believed learning from presented solutions could guide them toward adopting correct programming practices. On the other hand, more proficient students preferred the challenge of coding from scratch. This observation raises questions about the suitability of the activity for future use, suggesting a need for further reflection and potential adjustments to better cater to the needs of different student groups.",wos,llm,0.940,unreviewed,
discarded,Comparison of Three Programming Error Measures for Explaining Variability in CS1 Grades,"Svabensky, Valdemar; Pankiewicz, Maciej; Zhang, Jiayi; Cloude, Elizabeth B.; Baker, Ryan S.; Fouh, Eric",2024,"PROCEEDINGS OF THE 2024 CONFERENCE INNOVATION AND TECHNOLOGY IN COMPUTER SCIENCE EDUCATION, VOL 1, ITICSE 2024",10.1145/3649217.3653563,https://www.webofscience.com/wos/woscc/full-record/WOS:001265872600014,not-focused-on-misconceptions,"Programming courses can be challenging for first year university students, especially for those without prior coding experience. Students initially struggle with code syntax, but as more advanced topics are introduced across a semester, the difficulty in learning to program shifts to learning computational thinking (e.g., debugging strategies). This study examined the relationships between students' rate of programming errors and their grades on two exams. Using an online integrated development environment, data were collected from 280 students in a Java programming course. The course had two parts. The first focused on introductory procedural programming and culminated with exam 1, while the second part covered more complex topics and object-oriented programming and ended with exam 2. To measure students' programming abilities, 51095 code snapshots were collected from students while they completed assignments that were autograded based on unit tests. Compiler and runtime errors were extracted from the snapshots, and three measures - Error Count, Error Quotient and Repeated Error Density - were explored to identify the best measure explaining variability in exam grades. Models utilizing Error Quotient outperformed the models using the other two measures, in terms of the explained variability in grades and Bayesian Information Criterion. Compiler errors were significant predictors of exam 1 grades but not exam 2 grades; only runtime errors significantly predicted exam 2 grades. The findings indicate that leveraging Error Quotient with multiple error types (compiler and runtime) may be a better measure of students' introductory programming abilities, though still not explaining most of the observed variability.",wos,llm,0.860,unreviewed,
